<?xml version="1.0" encoding="utf-8"?>
<TestRun id="fc6cb925-46a4-4b41-a7c3-f1ac47fc7120" name="@pop-os 2026-09-06 18:44:15" xmlns="http://microsoft.com/schemas/VisualStudio/TeamTest/2010">
  <Times creation="2026-09-06T18:44:15.8428022+12:00" queuing="2026-09-06T18:44:15.8428023+12:00" start="2026-09-06T18:44:07.0536975+12:00" finish="2026-09-06T18:45:01.5249177+12:00" />
  <TestSettings name="default" id="4b30091f-9b5c-440c-a701-b87bee4e4b2c">
    <Deployment runDeploymentRoot="_pop-os_2026-09-06_18_44_15" />
  </TestSettings>
  <Results>
    <UnitTestResult executionId="99c6f6ae-73f5-47ec-9760-52955d841c06" testId="2d1bdc9d-8a55-5ce3-8c76-173a3e634f51" testName="The f3j-international fixture reproduces GliderScore exactly at all three grains modulo its ledgered phantom-group cells" computerName="pop-os" duration="00:00:10.1435909" startTime="2026-09-06T18:44:51.0640485+12:00" endTime="2026-09-06T18:45:01.2092833+12:00" testType="13cdc9d9-ddb5-4fa4-a97d-d965ccfc6d4b" outcome="Failed" testListId="8c84fa94-04c1-424b-9868-57a2d4851a1d" relativeResultsDirectory="99c6f6ae-73f5-47ec-9760-52955d841c06">
      <Output>
        <StdOut>Given the fixture corpus manifest
-&gt; done: ReplaySteps.GivenTheFixtureCorpusManifest() (0.0s)
When the harness replays the GliderScore fixture "f3j-international"
-&gt; error: Comparator GET /task-round-result?competitionRef=01a07576-6f02-77e1-ad59-5f5cd6f07ff4&amp;phaseOrdinal=0&amp;roundOrdinal=1&amp;taskRoundOrdinal=1 returned 500: [{"groupRef":{"value":"01a07576-7001-74d1-b816-b2b65d9ccff1"},"results":[{"competitorRef":{"value":"01a07576-6f1d-7038-8690-7dcb07e444a4"},"role":"Original","state":"Valid","rawScore":732.2,"preNormalisationScore":432,"awaitingCapture":[]},{"competitorRef":{"value":"01a07576-6f45-7789-bc53-2fad5c1f00f0"},"role":"Original","state":"Valid","rawScore":967.8,"preNormalisationScore":571,"awaitingCapture":[]},{"competitorRef":{"value":"01a07576-6f25-7a75-bb31-b76192bbd494"},"role":"Original","state":"Valid","rawScore":996.6,"preNormalisationScore":588,"awaitingCapture":[]},{"competitorRef":{"value":"01a07576-6f43-7da4-99b3-e95ee379ef63"},"role":"Original","state":"Valid","rawScore":974.6,"preNormalisationScore":575,"awaitingCapture":[]},{"competitorRef":{"value":"01a07576-6f38-7df1-83d4-5d3775316ce7"},"role":"Original","state":"Valid","rawScore":1000,"preNormalisationScore":590,"awaitingCapture":[]},{"competitorRef":{"value":"01a07576-6f2c-742e-b078-e5e7dd6430a3"},"role":"Original","state":"Valid","rawScore":900,"preNormalisationScore":531,"awaitingCapture":[]},{"competitorRef":{"value":"01a07576-6f32-721f-aea8-a85d09670c87"},"role":"Original","state":"Valid","rawScore":769.5,"preNormalisationScore":454,"awaitingCapture":[]},{"competitorRef":{"value":"01a07576-6f36-7dc7-87b0-e9126fe7301c"},"role":"Original","state":"Valid","rawScore":969.5,"preNormalisationScore":572,"awaitingCapture":[]}],"winnerRef":{"value":"01a07576-6f38-7df1-83d4-5d3775316ce7"},"validCount":8,"isAnnulled":false},{"groupRef":{"value":"01a07576-7001-747b-b374-fe088a69415e"},"results":[{"competitorRef":{"value":"01a07576-6f08-7636-8525-7fac24817db6"},"role":"Original","state":"Valid","rawScore":969.4,"preNormalisationScore":570,"awaitingCapture":[]},{"competitorRef":{"value":"01a07576-6f1b-7b14-bc96-023aa53ef957"},"role":"Original","state":"Valid","rawScore":998.3,"preNormalisationScore":587,"awaitingCapture":[]},{"competitorRef":{"value":"01a07576-6f22-708d-8ce0-d68669c27861"},"role":"Original","state":"Valid","rawScore":996.6,"preNormalisationScore":586,"awaitingCapture":[]},{"competitorRef":{"value":"01a07576-6f50-70b8-9a03-7c91055312f3"},"role":"Original","state":"Valid","rawScore":983,"preNormalisationScore":578,"awaitingCapture":[]},{"competitorRef":{"value":"01a07576-6f28-7b7a-9e86-b43ded1943a7"},"role":"Original","state":"Valid","rawScore":959.2,"preNormalisationScore":564,"awaitingCapture":[]},{"competitorRef":{"value":"01a07576-6f2a-72f2-bbba-af5a1d642324"},"role":"Original","state":"Valid","rawScore":1000,"preNormalisationScore":588,"awaitingCapture":[]},{"competitorRef":{"value":"01a07576-6f47-75df-aa52-1bd270ba3ed3"},"role":"Original","state":"Valid","rawScore":986.4,"preNormalisationScore":580,"awaitingCapture":[]}],"winnerRef":{"value":"01a07576-6f2a-72f2-bbba-af5a1d642324"},"validCount":7,"isAnnulled":false},{"groupRef":{"value":"01a07576-7001-7ac6-8666-f752b6729ac4"},"results":[{"competitorRef":{"value":"01a07576-6f3a-700d-8fa4-85f45110d020"},"role":"Original","state":"Valid","rawScore":1000,"preNormalisationScore":598,"awaitingCapture":[]},{"competitorRef":{"value":"01a07576-6f3f-7485-9dde-e269dcd4e19a"},"role":"Original","state":"Valid","rawScore":964.9,"preNormalisationScore":577,"awaitingCapture":[]},{"competitorRef":{"value":"01a07576-6f19-7572-b76f-491c5cf7571f"},"role":"Original","state":"Valid","rawScore":988.3,"preNormalisationScore":591,"awaitingCapture":[]},{"competitorRef":{"value":"01a07576-6f2e-7a26-871f-ac32bf4fc22e"},"role":"Original","state":"Valid","rawScore":954.8,"preNormalisationScore":571,"awaitingCapture":[]},{"competitorRef":{"value":"01a07576-6f13-7df4-9c31-44fd5305581a"},"role":"Original","state":"Valid","rawScore":811,"preNormalisationScore":485,"awaitingCapture":[]},{"competitorRef":{"value":"01a07576-6f3d-79f7-811b-a072773bc20c"},"role":"Original","state":"Valid","rawScore":959.9,"preNormalisationScore":574,"awaitingCapture":[]},{"competitorRef":{"value":"01a07576-6f1f-7741-b052-2f58ac8c7925"},"role":"Original","state":"Valid","rawScore":966.6,"preNormalisationScore":578,"awaitingCapture":[]},{"competitorRef":{{"type":"https://tools.ietf.org/html/rfc9110#section-15.6.1","title":"System.InvalidOperationException","status":500,"detail":"This operation cannot be performed on a default instance of ImmutableArray&lt;T&gt;.  Consider initializing the array, or checking the ImmutableArray&lt;T&gt;.IsDefault property.","exception":{"details":"System.InvalidOperationException: This operation cannot be performed on a default instance of ImmutableArray&lt;T&gt;.  Consider initializing the array, or checking the ImmutableArray&lt;T&gt;.IsDefault property.\n   at System.Collections.Immutable.ImmutableArray`1.System.Collections.Generic.IEnumerable&lt;T&gt;.GetEnumerator()\n   at System.Text.Json.Serialization.Converters.IEnumerableDefaultConverter`2.OnWriteResume(Utf8JsonWriter writer, TCollection value, JsonSerializerOptions options, WriteStack&amp; state)\n   at System.Text.Json.Serialization.JsonCollectionConverter`2.OnTryWrite(Utf8JsonWriter writer, TCollection value, JsonSerializerOptions options, WriteStack&amp; state)\n   at System.Text.Json.Serialization.Metadata.JsonPropertyInfo`1.GetMemberAndWriteJson(Object obj, WriteStack&amp; state, Utf8JsonWriter writer)\n   at System.Text.Json.Serialization.Converters.ObjectDefaultConverter`1.OnTryWrite(Utf8JsonWriter writer, T value, JsonSerializerOptions options, WriteStack&amp; state)\n   at System.Text.Json.Serialization.Converters.IEnumerableDefaultConverter`2.OnWriteResume(Utf8JsonWriter writer, TCollection value, JsonSerializerOptions options, WriteStack&amp; state)\n   at System.Text.Json.Serialization.JsonCollectionConverter`2.OnTryWrite(Utf8JsonWriter writer, TCollection value, JsonSerializerOptions options, WriteStack&amp; state)\n   at System.Text.Json.Serialization.Metadata.JsonPropertyInfo`1.GetMemberAndWriteJson(Object obj, WriteStack&amp; state, Utf8JsonWriter writer)\n   at System.Text.Json.Serialization.Converters.ObjectDefaultConverter`1.OnTryWrite(Utf8JsonWriter writer, T value, JsonSerializerOptions options, WriteStack&amp; state)\n   at System.Text.Json.Serialization.JsonConverter`1.TryWrite(Utf8JsonWriter writer, T&amp; value, JsonSerializerOptions options, WriteStack&amp; state)\n   at System.Text.Json.Serialization.Converters.ListOfTConverter`2.OnWriteResume(Utf8JsonWriter writer, TCollection value, JsonSerializerOptions options, WriteStack&amp; state)\n   at System.Text.Json.Serialization.JsonCollectionConverter`2.OnTryWrite(Utf8JsonWriter writer, TCollection value, JsonSerializerOptions options, WriteStack&amp; state)\n   at System.Text.Json.Serialization.JsonConverter`1.WriteCore(Utf8JsonWriter writer, T&amp; value, JsonSerializerOptions options, WriteStack&amp; state)\n   at System.Text.Json.Serialization.Metadata.JsonTypeInfo`1.SerializeAsync(PipeWriter pipeWriter, T rootValue, Int32 flushThreshold, CancellationToken cancellationToken, Object rootValueBoxed)\n   at System.Text.Json.Serialization.Metadata.JsonTypeInfo`1.SerializeAsync(PipeWriter pipeWriter, T rootValue, Int32 flushThreshold, CancellationToken cancellationToken, Object rootValueBoxed)\n   at System.Text.Json.Serialization.Metadata.JsonTypeInfo`1.SerializeAsync(PipeWriter pipeWriter, T rootValue, Int32 flushThreshold, CancellationToken cancellationToken, Object rootValueBoxed)\n   at System.Text.Json.Serialization.Metadata.JsonTypeInfo`1.SerializeAsync(PipeWriter pipeWriter, T rootValue, Int32 flushThreshold, CancellationToken cancellationToken, Object rootValueBoxed)\n   at Microsoft.AspNetCore.Http.HttpResponseJsonExtensions.WriteAsJsonAsyncSlow[TValue](PipeWriter body, TValue value, JsonSerializerOptions options, CancellationToken cancellationToken)\n   at Microsoft.AspNetCore.Http.RequestDelegateFactory.ExecuteTaskResult[T](Task`1 task, HttpContext httpContext)\n   at Microsoft.AspNetCore.Routing.EndpointMiddleware.&lt;Invoke&gt;g__AwaitRequestTask|7_0(Endpoint endpoint, Task requestTask, ILogger logger)\n   at Soarscore.Api.Composition.&lt;&gt;c.&lt;&lt;Build&gt;b__0_1&gt;d.MoveNext() in /home/pete/Source/SoarScore2/src/Soarscore.Api/Composition.cs:line 155\n--- End of stack trace from previous location ---\n   at Microsoft.AspNetCore.Diagnostics.DeveloperExceptionPageMiddlewareImpl.Invoke(HttpContext context)","headers":{"Host":["localhost"]},"path":"/task-round-result","endpoint":"HTTP: GET /task-round-result","routeValues":null},"traceId":"00-dc9080e571ee5d34eaf07f580d39c4f9-24b055f309bd863c-00"} (10.1s)
Then every raw flight score matches the fixture oracle exactly
-&gt; skipped because of previous errors
And every normalised round score matches the fixture oracle exactly
-&gt; skipped because of previous errors
And the final ranking matches the fixture oracle exactly
-&gt; skipped because of previous errors
And the derived team standings match the fixture's team semantics exactly
-&gt; skipped because of previous errors
And the GS team ladder is reproduced exactly
  --- table step argument ---
  | team | rank | teamScore | countedPilots |
  | 5    | 1    | 44471.7   | 62, 56, 21    |
  | 4    | 2    | 43413.6   | 47, 22, 11    |
  | 3    | 3    | 43229.1   | 26, 12, 28    |
  | 7    | 4    | 42670.6   | 49, 54, 46    |
  | 1    | 5    | 41194.4   | 30, 29, 42    |
  | 8    | 6    | 41127.6   | 13, 3, 2      |
  | 2    | 7    | 38068.6   | 32, 52, 44    |
  | 6    | 8    | 37094.3   | 43, 39, 7     |
-&gt; skipped because of previous errors
And kept normalised cells minus dropped cells and aggregate penalties conserve into every final score
-&gt; skipped because of previous errors
And every ledgered divergence cites an arithmetic-story divergence ID
-&gt; skipped because of previous errors
And the fixture ledger records exactly 2 accepted divergences
-&gt; skipped because of previous errors</StdOut>
        <ErrorInfo>
          <Message>System.InvalidOperationException : Comparator GET /task-round-result?competitionRef=01a07576-6f02-77e1-ad59-5f5cd6f07ff4&amp;phaseOrdinal=0&amp;roundOrdinal=1&amp;taskRoundOrdinal=1 returned 500: [{"groupRef":{"value":"01a07576-7001-74d1-b816-b2b65d9ccff1"},"results":[{"competitorRef":{"value":"01a07576-6f1d-7038-8690-7dcb07e444a4"},"role":"Original","state":"Valid","rawScore":732.2,"preNormalisationScore":432,"awaitingCapture":[]},{"competitorRef":{"value":"01a07576-6f45-7789-bc53-2fad5c1f00f0"},"role":"Original","state":"Valid","rawScore":967.8,"preNormalisationScore":571,"awaitingCapture":[]},{"competitorRef":{"value":"01a07576-6f25-7a75-bb31-b76192bbd494"},"role":"Original","state":"Valid","rawScore":996.6,"preNormalisationScore":588,"awaitingCapture":[]},{"competitorRef":{"value":"01a07576-6f43-7da4-99b3-e95ee379ef63"},"role":"Original","state":"Valid","rawScore":974.6,"preNormalisationScore":575,"awaitingCapture":[]},{"competitorRef":{"value":"01a07576-6f38-7df1-83d4-5d3775316ce7"},"role":"Original","state":"Valid","rawScore":1000,"preNormalisationScore":590,"awaitingCapture":[]},{"competitorRef":{"value":"01a07576-6f2c-742e-b078-e5e7dd6430a3"},"role":"Original","state":"Valid","rawScore":900,"preNormalisationScore":531,"awaitingCapture":[]},{"competitorRef":{"value":"01a07576-6f32-721f-aea8-a85d09670c87"},"role":"Original","state":"Valid","rawScore":769.5,"preNormalisationScore":454,"awaitingCapture":[]},{"competitorRef":{"value":"01a07576-6f36-7dc7-87b0-e9126fe7301c"},"role":"Original","state":"Valid","rawScore":969.5,"preNormalisationScore":572,"awaitingCapture":[]}],"winnerRef":{"value":"01a07576-6f38-7df1-83d4-5d3775316ce7"},"validCount":8,"isAnnulled":false},{"groupRef":{"value":"01a07576-7001-747b-b374-fe088a69415e"},"results":[{"competitorRef":{"value":"01a07576-6f08-7636-8525-7fac24817db6"},"role":"Original","state":"Valid","rawScore":969.4,"preNormalisationScore":570,"awaitingCapture":[]},{"competitorRef":{"value":"01a07576-6f1b-7b14-bc96-023aa53ef957"},"role":"Original","state":"Valid","rawScore":998.3,"preNormalisationScore":587,"awaitingCapture":[]},{"competitorRef":{"value":"01a07576-6f22-708d-8ce0-d68669c27861"},"role":"Original","state":"Valid","rawScore":996.6,"preNormalisationScore":586,"awaitingCapture":[]},{"competitorRef":{"value":"01a07576-6f50-70b8-9a03-7c91055312f3"},"role":"Original","state":"Valid","rawScore":983,"preNormalisationScore":578,"awaitingCapture":[]},{"competitorRef":{"value":"01a07576-6f28-7b7a-9e86-b43ded1943a7"},"role":"Original","state":"Valid","rawScore":959.2,"preNormalisationScore":564,"awaitingCapture":[]},{"competitorRef":{"value":"01a07576-6f2a-72f2-bbba-af5a1d642324"},"role":"Original","state":"Valid","rawScore":1000,"preNormalisationScore":588,"awaitingCapture":[]},{"competitorRef":{"value":"01a07576-6f47-75df-aa52-1bd270ba3ed3"},"role":"Original","state":"Valid","rawScore":986.4,"preNormalisationScore":580,"awaitingCapture":[]}],"winnerRef":{"value":"01a07576-6f2a-72f2-bbba-af5a1d642324"},"validCount":7,"isAnnulled":false},{"groupRef":{"value":"01a07576-7001-7ac6-8666-f752b6729ac4"},"results":[{"competitorRef":{"value":"01a07576-6f3a-700d-8fa4-85f45110d020"},"role":"Original","state":"Valid","rawScore":1000,"preNormalisationScore":598,"awaitingCapture":[]},{"competitorRef":{"value":"01a07576-6f3f-7485-9dde-e269dcd4e19a"},"role":"Original","state":"Valid","rawScore":964.9,"preNormalisationScore":577,"awaitingCapture":[]},{"competitorRef":{"value":"01a07576-6f19-7572-b76f-491c5cf7571f"},"role":"Original","state":"Valid","rawScore":988.3,"preNormalisationScore":591,"awaitingCapture":[]},{"competitorRef":{"value":"01a07576-6f2e-7a26-871f-ac32bf4fc22e"},"role":"Original","state":"Valid","rawScore":954.8,"preNormalisationScore":571,"awaitingCapture":[]},{"competitorRef":{"value":"01a07576-6f13-7df4-9c31-44fd5305581a"},"role":"Original","state":"Valid","rawScore":811,"preNormalisationScore":485,"awaitingCapture":[]},{"competitorRef":{"value":"01a07576-6f3d-79f7-811b-a072773bc20c"},"role":"Original","state":"Valid","rawScore":959.9,"preNormalisationScore":574,"awaitingCapture":[]},{"competitorRef":{"value":"01a07576-6f1f-7741-b052-2f58ac8c7925"},"role":"Original","state":"Valid","rawScore":966.6,"preNormalisationScore":578,"awaitingCapture":[]},{"competitorRef":{{"type":"https://tools.ietf.org/html/rfc9110#section-15.6.1","title":"System.InvalidOperationException","status":500,"detail":"This operation cannot be performed on a default instance of ImmutableArray&lt;T&gt;.  Consider initializing the array, or checking the ImmutableArray&lt;T&gt;.IsDefault property.","exception":{"details":"System.InvalidOperationException: This operation cannot be performed on a default instance of ImmutableArray&lt;T&gt;.  Consider initializing the array, or checking the ImmutableArray&lt;T&gt;.IsDefault property.\n   at System.Collections.Immutable.ImmutableArray`1.System.Collections.Generic.IEnumerable&lt;T&gt;.GetEnumerator()\n   at System.Text.Json.Serialization.Converters.IEnumerableDefaultConverter`2.OnWriteResume(Utf8JsonWriter writer, TCollection value, JsonSerializerOptions options, WriteStack&amp; state)\n   at System.Text.Json.Serialization.JsonCollectionConverter`2.OnTryWrite(Utf8JsonWriter writer, TCollection value, JsonSerializerOptions options, WriteStack&amp; state)\n   at System.Text.Json.Serialization.Metadata.JsonPropertyInfo`1.GetMemberAndWriteJson(Object obj, WriteStack&amp; state, Utf8JsonWriter writer)\n   at System.Text.Json.Serialization.Converters.ObjectDefaultConverter`1.OnTryWrite(Utf8JsonWriter writer, T value, JsonSerializerOptions options, WriteStack&amp; state)\n   at System.Text.Json.Serialization.Converters.IEnumerableDefaultConverter`2.OnWriteResume(Utf8JsonWriter writer, TCollection value, JsonSerializerOptions options, WriteStack&amp; state)\n   at System.Text.Json.Serialization.JsonCollectionConverter`2.OnTryWrite(Utf8JsonWriter writer, TCollection value, JsonSerializerOptions options, WriteStack&amp; state)\n   at System.Text.Json.Serialization.Metadata.JsonPropertyInfo`1.GetMemberAndWriteJson(Object obj, WriteStack&amp; state, Utf8JsonWriter writer)\n   at System.Text.Json.Serialization.Converters.ObjectDefaultConverter`1.OnTryWrite(Utf8JsonWriter writer, T value, JsonSerializerOptions options, WriteStack&amp; state)\n   at System.Text.Json.Serialization.JsonConverter`1.TryWrite(Utf8JsonWriter writer, T&amp; value, JsonSerializerOptions options, WriteStack&amp; state)\n   at System.Text.Json.Serialization.Converters.ListOfTConverter`2.OnWriteResume(Utf8JsonWriter writer, TCollection value, JsonSerializerOptions options, WriteStack&amp; state)\n   at System.Text.Json.Serialization.JsonCollectionConverter`2.OnTryWrite(Utf8JsonWriter writer, TCollection value, JsonSerializerOptions options, WriteStack&amp; state)\n   at System.Text.Json.Serialization.JsonConverter`1.WriteCore(Utf8JsonWriter writer, T&amp; value, JsonSerializerOptions options, WriteStack&amp; state)\n   at System.Text.Json.Serialization.Metadata.JsonTypeInfo`1.SerializeAsync(PipeWriter pipeWriter, T rootValue, Int32 flushThreshold, CancellationToken cancellationToken, Object rootValueBoxed)\n   at System.Text.Json.Serialization.Metadata.JsonTypeInfo`1.SerializeAsync(PipeWriter pipeWriter, T rootValue, Int32 flushThreshold, CancellationToken cancellationToken, Object rootValueBoxed)\n   at System.Text.Json.Serialization.Metadata.JsonTypeInfo`1.SerializeAsync(PipeWriter pipeWriter, T rootValue, Int32 flushThreshold, CancellationToken cancellationToken, Object rootValueBoxed)\n   at System.Text.Json.Serialization.Metadata.JsonTypeInfo`1.SerializeAsync(PipeWriter pipeWriter, T rootValue, Int32 flushThreshold, CancellationToken cancellationToken, Object rootValueBoxed)\n   at Microsoft.AspNetCore.Http.HttpResponseJsonExtensions.WriteAsJsonAsyncSlow[TValue](PipeWriter body, TValue value, JsonSerializerOptions options, CancellationToken cancellationToken)\n   at Microsoft.AspNetCore.Http.RequestDelegateFactory.ExecuteTaskResult[T](Task`1 task, HttpContext httpContext)\n   at Microsoft.AspNetCore.Routing.EndpointMiddleware.&lt;Invoke&gt;g__AwaitRequestTask|7_0(Endpoint endpoint, Task requestTask, ILogger logger)\n   at Soarscore.Api.Composition.&lt;&gt;c.&lt;&lt;Build&gt;b__0_1&gt;d.MoveNext() in /home/pete/Source/SoarScore2/src/Soarscore.Api/Composition.cs:line 155\n--- End of stack trace from previous location ---\n   at Microsoft.AspNetCore.Diagnostics.DeveloperExceptionPageMiddlewareImpl.Invoke(HttpContext context)","headers":{"Host":["localhost"]},"path":"/task-round-result","endpoint":"HTTP: GET /task-round-result","routeValues":null},"traceId":"00-dc9080e571ee5d34eaf07f580d39c4f9-24b055f309bd863c-00"}</Message>
          <StackTrace>   at Soarscore.Acceptance.Tests.Support.Gliderscore.Comparator.GetAsync[T](HttpClient client, String url) in /home/pete/Source/SoarScore2/tests/Soarscore.Acceptance.Tests/Support/Gliderscore/Comparator.cs:line 1446
   at Soarscore.Acceptance.Tests.Support.Gliderscore.Comparator.CompareRawGrainViaHttpAsync(GliderscoreFixture fixture, ReplayOutcome outcome, Competition competition, IReadOnlyDictionary`2 entries, HttpClient client, Int32 taskNo, HashSet`1 compared, List`1 mismatches) in /home/pete/Source/SoarScore2/tests/Soarscore.Acceptance.Tests/Support/Gliderscore/Comparator.cs:line 435
   at Soarscore.Acceptance.Tests.Support.Gliderscore.Comparator.CompareAsync(GliderscoreFixture fixture, ReplayOutcome outcome, IEventStore eventStore, HttpClient client) in /home/pete/Source/SoarScore2/tests/Soarscore.Acceptance.Tests/Support/Gliderscore/Comparator.cs:line 286
   at Soarscore.Acceptance.Tests.Steps.ReplaySteps.WhenTheHarnessReplaysTheGliderScoreFixture(String slug) in /home/pete/Source/SoarScore2/tests/Soarscore.Acceptance.Tests/Steps/ReplaySteps.cs:line 46
   at Reqnroll.Bindings.AsyncMethodHelper.ConvertTaskOfT(Task task, Boolean getValue)
   at Reqnroll.Bindings.BindingDelegateInvoker.InvokeDelegateAsync(Delegate bindingDelegate, Object[] invokeArgs, ExecutionContextHolder executionContext)
   at Reqnroll.Bindings.BindingInvoker.InvokeBindingAsync(IBinding binding, IContextManager contextManager, Object[] arguments, ITestTracer testTracer, DurationHolder durationHolder)
   at Reqnroll.Infrastructure.TestExecutionEngine.ExecuteStepMatchAsync(BindingMatch match, Object[] arguments, DurationHolder durationHolder)
   at Reqnroll.Infrastructure.TestExecutionEngine.ExecuteStepMatchAsync(BindingMatch match, Object[] arguments, DurationHolder durationHolder)
   at Reqnroll.Infrastructure.TestExecutionEngine.&lt;&gt;c__DisplayClass57_0.&lt;&lt;ExecuteStepAsync&gt;b__7&gt;d.MoveNext()
--- End of stack trace from previous location ---
   at Reqnroll.Infrastructure.TestExecutionEngine.&lt;&gt;c__DisplayClass57_0.&lt;&lt;ExecuteStepAsync&gt;g__HandleStepExecutionExceptions|0&gt;d.MoveNext()
   at Reqnroll.Infrastructure.TestExecutionEngine.OnAfterLastStepAsync()
   at Reqnroll.TestRunner.CollectScenarioErrorsAsync()
   at Soarscore.Acceptance.Tests.Features.ReplayingAGliderScoreFixtureFeature.ScenarioCleanupAsync()
   at Soarscore.Acceptance.Tests.Features.ReplayingAGliderScoreFixtureFeature.TheF3J_InternationalFixtureReproducesGliderScoreExactlyAtAllThreeGrainsModuloItsLedgeredPhantom_GroupCells() in /home/pete/Source/SoarScore2/tests/Soarscore.Acceptance.Tests/Features/ReplayingAGliderscoreFixture.feature:line 53
--- End of stack trace from previous location ---</StackTrace>
        </ErrorInfo>
      </Output>
    </UnitTestResult>
    <UnitTestResult executionId="aa7c742c-99a8-4dd8-b53c-ae47bd35d9cc" testId="1a5c3261-48da-5a52-617f-a2a8d83255c3" testName="The jerilderie-2010 fixture reproduces GliderScore exactly at all three grains" computerName="pop-os" duration="00:00:15.0558115" startTime="2026-09-06T18:44:24.0235928+12:00" endTime="2026-09-06T18:44:39.0797052+12:00" testType="13cdc9d9-ddb5-4fa4-a97d-d965ccfc6d4b" outcome="Failed" testListId="8c84fa94-04c1-424b-9868-57a2d4851a1d" relativeResultsDirectory="aa7c742c-99a8-4dd8-b53c-ae47bd35d9cc">
      <Output>
        <StdOut>Given the fixture corpus manifest
-&gt; done: ReplaySteps.GivenTheFixtureCorpusManifest() (0.0s)
When the harness replays the GliderScore fixture "jerilderie-2010"
-&gt; error: Comparator GET /task-round-result?competitionRef=01a07576-055e-7713-a168-b10c01d50e97&amp;phaseOrdinal=0&amp;roundOrdinal=2&amp;taskRoundOrdinal=1 returned 500: [{"groupRef":{"value":"01a07576-07be-790d-b65f-23942a0c139c"},"results":[{"competitorRef":{"value":"01a07576-05e6-72a4-8c2a-0ccbe90b8875"},"role":"Original","state":"Valid","rawScore":996,"preNormalisationScore":692,"awaitingCapture":[]},{"competitorRef":{"value":"01a07576-0593-7a67-9ec9-43d86e936a5a"},"role":"Original","state":"Valid","rawScore":1000,"preNormalisationScore":695,"awaitingCapture":[]},{"competitorRef":{"value":"01a07576-05a7-7212-ba8b-1b668ad49061"},"role":"Original","state":"Valid","rawScore":540,"preNormalisationScore":375,"awaitingCapture":[]},{"competitorRef":{"value":"01a07576-05cc-7739-8f4f-7664b6f363a3"},"role":"Original","state":"Valid","rawScore":735,"preNormalisationScore":511,"awaitingCapture":[]},{"competitorRef":{"value":"01a07576-05d2-710e-81ec-ee84a60aa110"},"role":"Original","state":"Valid","rawScore":683,"preNormalisationScore":475,"awaitingCapture":[]},{"competitorRef":{"value":"01a07576-05d0-7c87-bbcd-c379f660d0ca"},"role":"Original","state":"Valid","rawScore":692,"preNormalisationScore":481,"awaitingCapture":[]},{"competitorRef":{"value":"01a07576-0580-762d-abfb-a80bf5c01e86"},"role":"Original","state":"Valid","rawScore":829,"preNormalisationScore":576,"awaitingCapture":[]},{"competitorRef":{"value":"01a07576-05b6-7928-ae68-5546acbad7b0"},"role":"Original","state":"Valid","rawScore":1000,"preNormalisationScore":695,"awaitingCapture":[]},{"competitorRef":{"value":"01a07576-0573-71a0-8e38-7b792acfce87"},"role":"Original","state":"Valid","rawScore":837,"preNormalisationScore":582,"awaitingCapture":[]},{"competitorRef":{"value":"01a07576-0616-737c-9c0e-416b5fb69abe"},"role":"Original","state":"Valid","rawScore":1000,"preNormalisationScore":695,"awaitingCapture":[]},{"competitorRef":{"value":"01a07576-05ed-7721-9d21-bdf237b52120"},"role":"Original","state":"Valid","rawScore":804,"preNormalisationScore":559,"awaitingCapture":[]},{"competitorRef":{"value":"01a07576-0604-7534-8fda-cc19b300f7db"},"role":"Original","state":"Valid","rawScore":999,"preNormalisationScore":694,"awaitingCapture":[]},{"competitorRef":{"value":"01a07576-0600-7891-9719-562e88ef13e4"},"role":"Original","state":"Valid","rawScore":852,"preNormalisationScore":592,"awaitingCapture":[]}],"winnerRef":{"value":"01a07576-0593-7a67-9ec9-43d86e936a5a"},"validCount":13,"isAnnulled":false},{"groupRef":{"value":"01a07576-07be-735d-9b93-a7cdb9ac0031"},"results":[{"competitorRef":{"value":"01a07576-05c7-7f07-8603-d03baa99ab18"},"role":"Original","state":"Valid","rawScore":997,"preNormalisationScore":692,"awaitingCapture":[]},{"competitorRef":{"value":"01a07576-05b8-7056-9bca-77bbefa461af"},"role":"Original","state":"Valid","rawScore":778,"preNormalisationScore":540,"awaitingCapture":[]},{"competitorRef":{"value":"01a07576-0576-7bc0-9bd5-3c6769c04cf5"},"role":"Original","state":"Valid","rawScore":723,"preNormalisationScore":502,"awaitingCapture":[]},{"competitorRef":{"value":"01a07576-059b-77e9-9607-93560ed9ba1b"},"role":"Original","state":"Valid","rawScore":723,"preNormalisationScore":502,"awaitingCapture":[]},{"competitorRef":{"value":"01a07576-0585-777b-910e-0a7fd8070c92"},"role":"Original","state":"Valid","rawScore":762,"preNormalisationScore":529,"awaitingCapture":[]},{"competitorRef":{"value":"01a07576-05f4-7a00-9235-9a2194955f17"},"role":"Original","state":"Valid","rawScore":813,"preNormalisationScore":564,"awaitingCapture":[]},{"competitorRef":{"value":"01a07576-05d5-716c-9015-776e12305140"},"role":"Original","state":"Valid","rawScore":684,"preNormalisationScore":475,"awaitingCapture":[]},{"competitorRef":{"value":"01a07576-05d7-76cf-8f57-415ce6501316"},"role":"Original","state":"Valid","rawScore":1000,"preNormalisationScore":694,"awaitingCapture":[]},{"competitorRef":{"value":"01a07576-0589-74e7-89ec-8a2d0887db10"},"role":"Original","state":"Valid","rawScore":980,"preNormalisationScore":680,"awaitingCapture":[]},{"competitorRef":{"value":"01a07576-0563-7092-b733-32590aa23924"},"role":"Original","state":"Valid","rawScore":863,"preNormalisationScore":599,"awaitingCapture":[]},{"competitorRef":{"value":"01a07576-05fd-79e1-ac88-ac6f9196920c"},"role":"Original","state":"Valid","rawScore":631,"preNormalisationScore":438,"awaitingCapture":[]},{"competitorRef":{"value":"01a07576-060a-7db6-85e0-f13401785437"},"role":"Original","state":"Valid","rawScore":653,"preNormalisationScore":453,"awaitingCapture":[]},{"competitorRef":{"value":"01a07576-05ab-77f9-a0ea-bd2188583e1c"},"role":"Original","state":"Valid","rawScore":1000,"preNormalisationScore":694,"awaitingCapture":[]}],"winnerRef":{"value":"01a07576-05d7-76cf-8f57-415ce6501316"},"validCount":13,"isAnnulled":false},{"groupRef":{"value":"01a07576-07be-7a4a-be2c-0fc4d931e867"},"results":[{"competitorRef":{"value":"01a07576-05bb-7ff0-bdf8-5d2852c3b2ec"},"role":"Original","state":"Valid","rawScore":954,"preNormalisationScore":664,"awaitingCapture":[]},{"competitorRef":{"value":"01a07576-05e9-71b8-a364-59acf8ac4f3f"},"role":"Original","state":"Valid","rawScore":976,"preNormalisationScore":679,"awaitingCapture":[]},{"competitorRef":{"value":"01a07576-05c3-7d0e-baeb-41f2e5b41a6d"},"role":"Original","state":"Valid","rawScore":1000,"preNormalisationScore":696,"awaitingCapture":[]},{"competitorRef":{"value":"01a07576-056b-7080-9232-64c2d7b113f0"},"role":"Original","state":"Valid","rawScore":999,"preNormalisationScore":695,"awaitingCapture":[]},{"competitorRef":{"value":"01a07576-05f1-7b3b-a3e8-6a7531f857ee"},"role":"Original","state":"Valid","rawScore":504,"preNormalisationScore":351,"awaitingCapture":[]},{"competitorRef":{"value":"01a07576-05c1-7596-913b-1ae07390f80a"},"role":"Original","state":"Valid","rawScore":98,"preNormalisationScore":68,"awaitingCapture":[]},{"competitorRef":{"value":"01a07576-05f8-7f89-922a-cda7913d9543"},"role":"Original","state":"Valid","rawScore":843,"preNormalisationScore":587,"awaitingCapture":[]},{"competitorRef":{"value":"01a07576-060d-7b72-8c98-ee69da2cbba7"},"role":"Original","state":"Valid","rawScore":329,"preNormalisationScore":229,"awaitingCapture":[]},{"competitorRef":{"value":"01a07576-05b0-709b-9592-71370c70cfea"},"role":"Original","state":"Valid","rawScore":980,"preNormalisationScore":682,"awaitingCapture":[]},{"competitorRef":{"value":"01a07576-0587-71e2-85c3-495eeef4d481"},"role":"Original","state":"Valid","rawScore":983,"preNormalisationScore":684,"awaitingCapture":[]},{"competitorRef":{"value":"01a07576-05c5-7be4-b2a3-6bb862e43613"},"role":"Original","state":"Valid","rawScore":878,"preNormalisationScore":611,"awaitingCapture":[]},{"competitorRef":{"value":"01a07576-05dd-720a-a224-0d3a1e09b3b0"},"role":"Original","state":"Valid","rawScore":815,"preNormalisationScore":567,"awaitingCapture":[]},{"competitorRef":{"value":"01a07576-0607-74d1-90aa-9dc56328f8fb"},"role":"Original","state":"Valid","rawScore":580,"preNormalisationScore":404,"awaitingCapture":[]}],"winnerRef":{"value":"01a07576-05c3-7d0e-baeb-41f2e5b41a6d"},"validCount":13,"isAnnulled":false},{"groupRef":{"value":"01a07576-07be-729d-8fd5-e267d583c646"},"results":[{"competitorRef":{"value":"01a07576-058c-72df-89da-82c9e45e9f48"},"role":"Original","state":"Valid","rawScore":983,"preNormalisationScore":685,"awaitingCapture":[]},{"competitorRef":{"value":"01a07576-061c-7ba7-9a94-3f9c89f0b7d4"},"role":"Original","state":"Valid","rawScore":418,"preNormalisationScore":291,"awaitingCapture":[]},{"competitorRef":{"value":"01a07576-05a2-7163-97b0-a5b3f1b0c338"},"role":"Original","state":"Valid","rawScore":996,"preNormalisationScore":694,"awaitingCapture":[]},{"competitorRef":{"value":"01a07576-05ce-758c-b7d5-2e436667060e"},"role":"Original","state":"Valid","rawScore":1000,"preNormalisationScore":697,"awaitingCapture":[]},{"competitorRef":{"value":"01a07576-0597-71c4-ba33-fc7b6f1e9eb6"},"role":"Original","state":"Valid","rawScore":991,"preNormalisationScore":691,"awaitingCapture":[]},{"competitorRef":{"value":"01a07576-057d-7619-b73b-6c8d08d22d8c"},"role":"Original","state":"Valid","rawScore":977,"preNormalisationScore":681,"awaitingCapture":[]},{"competitorRef":{"value":"01a07576-0561-709d-8fe9-94e4c7f47c48"},"role":"Original","state":"Valid","rawScore":990,"preNormalisationScore":{"type":"https://tools.ietf.org/html/rfc9110#section-15.6.1","title":"System.InvalidOperationException","status":500,"detail":"This operation cannot be performed on a default instance of ImmutableArray&lt;T&gt;.  Consider initializing the array, or checking the ImmutableArray&lt;T&gt;.IsDefault property.","exception":{"details":"System.InvalidOperationException: This operation cannot be performed on a default instance of ImmutableArray&lt;T&gt;.  Consider initializing the array, or checking the ImmutableArray&lt;T&gt;.IsDefault property.\n   at System.Collections.Immutable.ImmutableArray`1.System.Collections.Generic.IEnumerable&lt;T&gt;.GetEnumerator()\n   at System.Text.Json.Serialization.Converters.IEnumerableDefaultConverter`2.OnWriteResume(Utf8JsonWriter writer, TCollection value, JsonSerializerOptions options, WriteStack&amp; state)\n   at System.Text.Json.Serialization.JsonCollectionConverter`2.OnTryWrite(Utf8JsonWriter writer, TCollection value, JsonSerializerOptions options, WriteStack&amp; state)\n   at System.Text.Json.Serialization.Metadata.JsonPropertyInfo`1.GetMemberAndWriteJson(Object obj, WriteStack&amp; state, Utf8JsonWriter writer)\n   at System.Text.Json.Serialization.Converters.ObjectDefaultConverter`1.OnTryWrite(Utf8JsonWriter writer, T value, JsonSerializerOptions options, WriteStack&amp; state)\n   at System.Text.Json.Serialization.Converters.IEnumerableDefaultConverter`2.OnWriteResume(Utf8JsonWriter writer, TCollection value, JsonSerializerOptions options, WriteStack&amp; state)\n   at System.Text.Json.Serialization.JsonCollectionConverter`2.OnTryWrite(Utf8JsonWriter writer, TCollection value, JsonSerializerOptions options, WriteStack&amp; state)\n   at System.Text.Json.Serialization.Metadata.JsonPropertyInfo`1.GetMemberAndWriteJson(Object obj, WriteStack&amp; state, Utf8JsonWriter writer)\n   at System.Text.Json.Serialization.Converters.ObjectDefaultConverter`1.OnTryWrite(Utf8JsonWriter writer, T value, JsonSerializerOptions options, WriteStack&amp; state)\n   at System.Text.Json.Serialization.JsonConverter`1.TryWrite(Utf8JsonWriter writer, T&amp; value, JsonSerializerOptions options, WriteStack&amp; state)\n   at System.Text.Json.Serialization.Converters.ListOfTConverter`2.OnWriteResume(Utf8JsonWriter writer, TCollection value, JsonSerializerOptions options, WriteStack&amp; state)\n   at System.Text.Json.Serialization.JsonCollectionConverter`2.OnTryWrite(Utf8JsonWriter writer, TCollection value, JsonSerializerOptions options, WriteStack&amp; state)\n   at System.Text.Json.Serialization.JsonConverter`1.WriteCore(Utf8JsonWriter writer, T&amp; value, JsonSerializerOptions options, WriteStack&amp; state)\n   at System.Text.Json.Serialization.Metadata.JsonTypeInfo`1.SerializeAsync(PipeWriter pipeWriter, T rootValue, Int32 flushThreshold, CancellationToken cancellationToken, Object rootValueBoxed)\n   at System.Text.Json.Serialization.Metadata.JsonTypeInfo`1.SerializeAsync(PipeWriter pipeWriter, T rootValue, Int32 flushThreshold, CancellationToken cancellationToken, Object rootValueBoxed)\n   at System.Text.Json.Serialization.Metadata.JsonTypeInfo`1.SerializeAsync(PipeWriter pipeWriter, T rootValue, Int32 flushThreshold, CancellationToken cancellationToken, Object rootValueBoxed)\n   at System.Text.Json.Serialization.Metadata.JsonTypeInfo`1.SerializeAsync(PipeWriter pipeWriter, T rootValue, Int32 flushThreshold, CancellationToken cancellationToken, Object rootValueBoxed)\n   at Microsoft.AspNetCore.Http.HttpResponseJsonExtensions.WriteAsJsonAsyncSlow[TValue](PipeWriter body, TValue value, JsonSerializerOptions options, CancellationToken cancellationToken)\n   at Microsoft.AspNetCore.Http.RequestDelegateFactory.ExecuteTaskResult[T](Task`1 task, HttpContext httpContext)\n   at Microsoft.AspNetCore.Routing.EndpointMiddleware.&lt;Invoke&gt;g__AwaitRequestTask|7_0(Endpoint endpoint, Task requestTask, ILogger logger)\n   at Soarscore.Api.Composition.&lt;&gt;c.&lt;&lt;Build&gt;b__0_1&gt;d.MoveNext() in /home/pete/Source/SoarScore2/src/Soarscore.Api/Composition.cs:line 155\n--- End of stack trace from previous location ---\n   at Microsoft.AspNetCore.Diagnostics.DeveloperExceptionPageMiddlewareImpl.Invoke(HttpContext context)","headers":{"Host":["localhost"]},"path":"/task-round-result","endpoint":"HTTP: GET /task-round-result","routeValues":null},"traceId":"00-da2679f659665f8a2354e0f2127aa85a-8edb4c7a81cebec3-00"} (15.1s)
Then every raw flight score matches the fixture oracle exactly
-&gt; skipped because of previous errors
And every normalised round score matches the fixture oracle exactly
-&gt; skipped because of previous errors
And the final ranking matches the fixture oracle exactly
-&gt; skipped because of previous errors
And kept normalised cells minus dropped cells and aggregate penalties conserve into every final score
-&gt; skipped because of previous errors
And every ledgered divergence cites an arithmetic-story divergence ID
-&gt; skipped because of previous errors
And the fixture ledger records exactly 1 accepted divergences
-&gt; skipped because of previous errors</StdOut>
        <ErrorInfo>
          <Message>System.InvalidOperationException : Comparator GET /task-round-result?competitionRef=01a07576-055e-7713-a168-b10c01d50e97&amp;phaseOrdinal=0&amp;roundOrdinal=2&amp;taskRoundOrdinal=1 returned 500: [{"groupRef":{"value":"01a07576-07be-790d-b65f-23942a0c139c"},"results":[{"competitorRef":{"value":"01a07576-05e6-72a4-8c2a-0ccbe90b8875"},"role":"Original","state":"Valid","rawScore":996,"preNormalisationScore":692,"awaitingCapture":[]},{"competitorRef":{"value":"01a07576-0593-7a67-9ec9-43d86e936a5a"},"role":"Original","state":"Valid","rawScore":1000,"preNormalisationScore":695,"awaitingCapture":[]},{"competitorRef":{"value":"01a07576-05a7-7212-ba8b-1b668ad49061"},"role":"Original","state":"Valid","rawScore":540,"preNormalisationScore":375,"awaitingCapture":[]},{"competitorRef":{"value":"01a07576-05cc-7739-8f4f-7664b6f363a3"},"role":"Original","state":"Valid","rawScore":735,"preNormalisationScore":511,"awaitingCapture":[]},{"competitorRef":{"value":"01a07576-05d2-710e-81ec-ee84a60aa110"},"role":"Original","state":"Valid","rawScore":683,"preNormalisationScore":475,"awaitingCapture":[]},{"competitorRef":{"value":"01a07576-05d0-7c87-bbcd-c379f660d0ca"},"role":"Original","state":"Valid","rawScore":692,"preNormalisationScore":481,"awaitingCapture":[]},{"competitorRef":{"value":"01a07576-0580-762d-abfb-a80bf5c01e86"},"role":"Original","state":"Valid","rawScore":829,"preNormalisationScore":576,"awaitingCapture":[]},{"competitorRef":{"value":"01a07576-05b6-7928-ae68-5546acbad7b0"},"role":"Original","state":"Valid","rawScore":1000,"preNormalisationScore":695,"awaitingCapture":[]},{"competitorRef":{"value":"01a07576-0573-71a0-8e38-7b792acfce87"},"role":"Original","state":"Valid","rawScore":837,"preNormalisationScore":582,"awaitingCapture":[]},{"competitorRef":{"value":"01a07576-0616-737c-9c0e-416b5fb69abe"},"role":"Original","state":"Valid","rawScore":1000,"preNormalisationScore":695,"awaitingCapture":[]},{"competitorRef":{"value":"01a07576-05ed-7721-9d21-bdf237b52120"},"role":"Original","state":"Valid","rawScore":804,"preNormalisationScore":559,"awaitingCapture":[]},{"competitorRef":{"value":"01a07576-0604-7534-8fda-cc19b300f7db"},"role":"Original","state":"Valid","rawScore":999,"preNormalisationScore":694,"awaitingCapture":[]},{"competitorRef":{"value":"01a07576-0600-7891-9719-562e88ef13e4"},"role":"Original","state":"Valid","rawScore":852,"preNormalisationScore":592,"awaitingCapture":[]}],"winnerRef":{"value":"01a07576-0593-7a67-9ec9-43d86e936a5a"},"validCount":13,"isAnnulled":false},{"groupRef":{"value":"01a07576-07be-735d-9b93-a7cdb9ac0031"},"results":[{"competitorRef":{"value":"01a07576-05c7-7f07-8603-d03baa99ab18"},"role":"Original","state":"Valid","rawScore":997,"preNormalisationScore":692,"awaitingCapture":[]},{"competitorRef":{"value":"01a07576-05b8-7056-9bca-77bbefa461af"},"role":"Original","state":"Valid","rawScore":778,"preNormalisationScore":540,"awaitingCapture":[]},{"competitorRef":{"value":"01a07576-0576-7bc0-9bd5-3c6769c04cf5"},"role":"Original","state":"Valid","rawScore":723,"preNormalisationScore":502,"awaitingCapture":[]},{"competitorRef":{"value":"01a07576-059b-77e9-9607-93560ed9ba1b"},"role":"Original","state":"Valid","rawScore":723,"preNormalisationScore":502,"awaitingCapture":[]},{"competitorRef":{"value":"01a07576-0585-777b-910e-0a7fd8070c92"},"role":"Original","state":"Valid","rawScore":762,"preNormalisationScore":529,"awaitingCapture":[]},{"competitorRef":{"value":"01a07576-05f4-7a00-9235-9a2194955f17"},"role":"Original","state":"Valid","rawScore":813,"preNormalisationScore":564,"awaitingCapture":[]},{"competitorRef":{"value":"01a07576-05d5-716c-9015-776e12305140"},"role":"Original","state":"Valid","rawScore":684,"preNormalisationScore":475,"awaitingCapture":[]},{"competitorRef":{"value":"01a07576-05d7-76cf-8f57-415ce6501316"},"role":"Original","state":"Valid","rawScore":1000,"preNormalisationScore":694,"awaitingCapture":[]},{"competitorRef":{"value":"01a07576-0589-74e7-89ec-8a2d0887db10"},"role":"Original","state":"Valid","rawScore":980,"preNormalisationScore":680,"awaitingCapture":[]},{"competitorRef":{"value":"01a07576-0563-7092-b733-32590aa23924"},"role":"Original","state":"Valid","rawScore":863,"preNormalisationScore":599,"awaitingCapture":[]},{"competitorRef":{"value":"01a07576-05fd-79e1-ac88-ac6f9196920c"},"role":"Original","state":"Valid","rawScore":631,"preNormalisationScore":438,"awaitingCapture":[]},{"competitorRef":{"value":"01a07576-060a-7db6-85e0-f13401785437"},"role":"Original","state":"Valid","rawScore":653,"preNormalisationScore":453,"awaitingCapture":[]},{"competitorRef":{"value":"01a07576-05ab-77f9-a0ea-bd2188583e1c"},"role":"Original","state":"Valid","rawScore":1000,"preNormalisationScore":694,"awaitingCapture":[]}],"winnerRef":{"value":"01a07576-05d7-76cf-8f57-415ce6501316"},"validCount":13,"isAnnulled":false},{"groupRef":{"value":"01a07576-07be-7a4a-be2c-0fc4d931e867"},"results":[{"competitorRef":{"value":"01a07576-05bb-7ff0-bdf8-5d2852c3b2ec"},"role":"Original","state":"Valid","rawScore":954,"preNormalisationScore":664,"awaitingCapture":[]},{"competitorRef":{"value":"01a07576-05e9-71b8-a364-59acf8ac4f3f"},"role":"Original","state":"Valid","rawScore":976,"preNormalisationScore":679,"awaitingCapture":[]},{"competitorRef":{"value":"01a07576-05c3-7d0e-baeb-41f2e5b41a6d"},"role":"Original","state":"Valid","rawScore":1000,"preNormalisationScore":696,"awaitingCapture":[]},{"competitorRef":{"value":"01a07576-056b-7080-9232-64c2d7b113f0"},"role":"Original","state":"Valid","rawScore":999,"preNormalisationScore":695,"awaitingCapture":[]},{"competitorRef":{"value":"01a07576-05f1-7b3b-a3e8-6a7531f857ee"},"role":"Original","state":"Valid","rawScore":504,"preNormalisationScore":351,"awaitingCapture":[]},{"competitorRef":{"value":"01a07576-05c1-7596-913b-1ae07390f80a"},"role":"Original","state":"Valid","rawScore":98,"preNormalisationScore":68,"awaitingCapture":[]},{"competitorRef":{"value":"01a07576-05f8-7f89-922a-cda7913d9543"},"role":"Original","state":"Valid","rawScore":843,"preNormalisationScore":587,"awaitingCapture":[]},{"competitorRef":{"value":"01a07576-060d-7b72-8c98-ee69da2cbba7"},"role":"Original","state":"Valid","rawScore":329,"preNormalisationScore":229,"awaitingCapture":[]},{"competitorRef":{"value":"01a07576-05b0-709b-9592-71370c70cfea"},"role":"Original","state":"Valid","rawScore":980,"preNormalisationScore":682,"awaitingCapture":[]},{"competitorRef":{"value":"01a07576-0587-71e2-85c3-495eeef4d481"},"role":"Original","state":"Valid","rawScore":983,"preNormalisationScore":684,"awaitingCapture":[]},{"competitorRef":{"value":"01a07576-05c5-7be4-b2a3-6bb862e43613"},"role":"Original","state":"Valid","rawScore":878,"preNormalisationScore":611,"awaitingCapture":[]},{"competitorRef":{"value":"01a07576-05dd-720a-a224-0d3a1e09b3b0"},"role":"Original","state":"Valid","rawScore":815,"preNormalisationScore":567,"awaitingCapture":[]},{"competitorRef":{"value":"01a07576-0607-74d1-90aa-9dc56328f8fb"},"role":"Original","state":"Valid","rawScore":580,"preNormalisationScore":404,"awaitingCapture":[]}],"winnerRef":{"value":"01a07576-05c3-7d0e-baeb-41f2e5b41a6d"},"validCount":13,"isAnnulled":false},{"groupRef":{"value":"01a07576-07be-729d-8fd5-e267d583c646"},"results":[{"competitorRef":{"value":"01a07576-058c-72df-89da-82c9e45e9f48"},"role":"Original","state":"Valid","rawScore":983,"preNormalisationScore":685,"awaitingCapture":[]},{"competitorRef":{"value":"01a07576-061c-7ba7-9a94-3f9c89f0b7d4"},"role":"Original","state":"Valid","rawScore":418,"preNormalisationScore":291,"awaitingCapture":[]},{"competitorRef":{"value":"01a07576-05a2-7163-97b0-a5b3f1b0c338"},"role":"Original","state":"Valid","rawScore":996,"preNormalisationScore":694,"awaitingCapture":[]},{"competitorRef":{"value":"01a07576-05ce-758c-b7d5-2e436667060e"},"role":"Original","state":"Valid","rawScore":1000,"preNormalisationScore":697,"awaitingCapture":[]},{"competitorRef":{"value":"01a07576-0597-71c4-ba33-fc7b6f1e9eb6"},"role":"Original","state":"Valid","rawScore":991,"preNormalisationScore":691,"awaitingCapture":[]},{"competitorRef":{"value":"01a07576-057d-7619-b73b-6c8d08d22d8c"},"role":"Original","state":"Valid","rawScore":977,"preNormalisationScore":681,"awaitingCapture":[]},{"competitorRef":{"value":"01a07576-0561-709d-8fe9-94e4c7f47c48"},"role":"Original","state":"Valid","rawScore":990,"preNormalisationScore":{"type":"https://tools.ietf.org/html/rfc9110#section-15.6.1","title":"System.InvalidOperationException","status":500,"detail":"This operation cannot be performed on a default instance of ImmutableArray&lt;T&gt;.  Consider initializing the array, or checking the ImmutableArray&lt;T&gt;.IsDefault property.","exception":{"details":"System.InvalidOperationException: This operation cannot be performed on a default instance of ImmutableArray&lt;T&gt;.  Consider initializing the array, or checking the ImmutableArray&lt;T&gt;.IsDefault property.\n   at System.Collections.Immutable.ImmutableArray`1.System.Collections.Generic.IEnumerable&lt;T&gt;.GetEnumerator()\n   at System.Text.Json.Serialization.Converters.IEnumerableDefaultConverter`2.OnWriteResume(Utf8JsonWriter writer, TCollection value, JsonSerializerOptions options, WriteStack&amp; state)\n   at System.Text.Json.Serialization.JsonCollectionConverter`2.OnTryWrite(Utf8JsonWriter writer, TCollection value, JsonSerializerOptions options, WriteStack&amp; state)\n   at System.Text.Json.Serialization.Metadata.JsonPropertyInfo`1.GetMemberAndWriteJson(Object obj, WriteStack&amp; state, Utf8JsonWriter writer)\n   at System.Text.Json.Serialization.Converters.ObjectDefaultConverter`1.OnTryWrite(Utf8JsonWriter writer, T value, JsonSerializerOptions options, WriteStack&amp; state)\n   at System.Text.Json.Serialization.Converters.IEnumerableDefaultConverter`2.OnWriteResume(Utf8JsonWriter writer, TCollection value, JsonSerializerOptions options, WriteStack&amp; state)\n   at System.Text.Json.Serialization.JsonCollectionConverter`2.OnTryWrite(Utf8JsonWriter writer, TCollection value, JsonSerializerOptions options, WriteStack&amp; state)\n   at System.Text.Json.Serialization.Metadata.JsonPropertyInfo`1.GetMemberAndWriteJson(Object obj, WriteStack&amp; state, Utf8JsonWriter writer)\n   at System.Text.Json.Serialization.Converters.ObjectDefaultConverter`1.OnTryWrite(Utf8JsonWriter writer, T value, JsonSerializerOptions options, WriteStack&amp; state)\n   at System.Text.Json.Serialization.JsonConverter`1.TryWrite(Utf8JsonWriter writer, T&amp; value, JsonSerializerOptions options, WriteStack&amp; state)\n   at System.Text.Json.Serialization.Converters.ListOfTConverter`2.OnWriteResume(Utf8JsonWriter writer, TCollection value, JsonSerializerOptions options, WriteStack&amp; state)\n   at System.Text.Json.Serialization.JsonCollectionConverter`2.OnTryWrite(Utf8JsonWriter writer, TCollection value, JsonSerializerOptions options, WriteStack&amp; state)\n   at System.Text.Json.Serialization.JsonConverter`1.WriteCore(Utf8JsonWriter writer, T&amp; value, JsonSerializerOptions options, WriteStack&amp; state)\n   at System.Text.Json.Serialization.Metadata.JsonTypeInfo`1.SerializeAsync(PipeWriter pipeWriter, T rootValue, Int32 flushThreshold, CancellationToken cancellationToken, Object rootValueBoxed)\n   at System.Text.Json.Serialization.Metadata.JsonTypeInfo`1.SerializeAsync(PipeWriter pipeWriter, T rootValue, Int32 flushThreshold, CancellationToken cancellationToken, Object rootValueBoxed)\n   at System.Text.Json.Serialization.Metadata.JsonTypeInfo`1.SerializeAsync(PipeWriter pipeWriter, T rootValue, Int32 flushThreshold, CancellationToken cancellationToken, Object rootValueBoxed)\n   at System.Text.Json.Serialization.Metadata.JsonTypeInfo`1.SerializeAsync(PipeWriter pipeWriter, T rootValue, Int32 flushThreshold, CancellationToken cancellationToken, Object rootValueBoxed)\n   at Microsoft.AspNetCore.Http.HttpResponseJsonExtensions.WriteAsJsonAsyncSlow[TValue](PipeWriter body, TValue value, JsonSerializerOptions options, CancellationToken cancellationToken)\n   at Microsoft.AspNetCore.Http.RequestDelegateFactory.ExecuteTaskResult[T](Task`1 task, HttpContext httpContext)\n   at Microsoft.AspNetCore.Routing.EndpointMiddleware.&lt;Invoke&gt;g__AwaitRequestTask|7_0(Endpoint endpoint, Task requestTask, ILogger logger)\n   at Soarscore.Api.Composition.&lt;&gt;c.&lt;&lt;Build&gt;b__0_1&gt;d.MoveNext() in /home/pete/Source/SoarScore2/src/Soarscore.Api/Composition.cs:line 155\n--- End of stack trace from previous location ---\n   at Microsoft.AspNetCore.Diagnostics.DeveloperExceptionPageMiddlewareImpl.Invoke(HttpContext context)","headers":{"Host":["localhost"]},"path":"/task-round-result","endpoint":"HTTP: GET /task-round-result","routeValues":null},"traceId":"00-da2679f659665f8a2354e0f2127aa85a-8edb4c7a81cebec3-00"}</Message>
          <StackTrace>   at Soarscore.Acceptance.Tests.Support.Gliderscore.Comparator.GetAsync[T](HttpClient client, String url) in /home/pete/Source/SoarScore2/tests/Soarscore.Acceptance.Tests/Support/Gliderscore/Comparator.cs:line 1446
   at Soarscore.Acceptance.Tests.Support.Gliderscore.Comparator.CompareRawGrainViaHttpAsync(GliderscoreFixture fixture, ReplayOutcome outcome, Competition competition, IReadOnlyDictionary`2 entries, HttpClient client, Int32 taskNo, HashSet`1 compared, List`1 mismatches) in /home/pete/Source/SoarScore2/tests/Soarscore.Acceptance.Tests/Support/Gliderscore/Comparator.cs:line 435
   at Soarscore.Acceptance.Tests.Support.Gliderscore.Comparator.CompareAsync(GliderscoreFixture fixture, ReplayOutcome outcome, IEventStore eventStore, HttpClient client) in /home/pete/Source/SoarScore2/tests/Soarscore.Acceptance.Tests/Support/Gliderscore/Comparator.cs:line 286
   at Soarscore.Acceptance.Tests.Steps.ReplaySteps.WhenTheHarnessReplaysTheGliderScoreFixture(String slug) in /home/pete/Source/SoarScore2/tests/Soarscore.Acceptance.Tests/Steps/ReplaySteps.cs:line 46
   at Reqnroll.Bindings.AsyncMethodHelper.ConvertTaskOfT(Task task, Boolean getValue)
   at Reqnroll.Bindings.BindingDelegateInvoker.InvokeDelegateAsync(Delegate bindingDelegate, Object[] invokeArgs, ExecutionContextHolder executionContext)
   at Reqnroll.Bindings.BindingInvoker.InvokeBindingAsync(IBinding binding, IContextManager contextManager, Object[] arguments, ITestTracer testTracer, DurationHolder durationHolder)
   at Reqnroll.Infrastructure.TestExecutionEngine.ExecuteStepMatchAsync(BindingMatch match, Object[] arguments, DurationHolder durationHolder)
   at Reqnroll.Infrastructure.TestExecutionEngine.ExecuteStepMatchAsync(BindingMatch match, Object[] arguments, DurationHolder durationHolder)
   at Reqnroll.Infrastructure.TestExecutionEngine.&lt;&gt;c__DisplayClass57_0.&lt;&lt;ExecuteStepAsync&gt;b__7&gt;d.MoveNext()
--- End of stack trace from previous location ---
   at Reqnroll.Infrastructure.TestExecutionEngine.&lt;&gt;c__DisplayClass57_0.&lt;&lt;ExecuteStepAsync&gt;g__HandleStepExecutionExceptions|0&gt;d.MoveNext()
   at Reqnroll.Infrastructure.TestExecutionEngine.OnAfterLastStepAsync()
   at Reqnroll.TestRunner.CollectScenarioErrorsAsync()
   at Soarscore.Acceptance.Tests.Features.ReplayingAGliderScoreFixtureFeature.ScenarioCleanupAsync()
   at Soarscore.Acceptance.Tests.Features.ReplayingAGliderScoreFixtureFeature.TheJerilderie_2010FixtureReproducesGliderScoreExactlyAtAllThreeGrains() in /home/pete/Source/SoarScore2/tests/Soarscore.Acceptance.Tests/Features/ReplayingAGliderscoreFixture.feature:line 73
--- End of stack trace from previous location ---</StackTrace>
        </ErrorInfo>
      </Output>
    </UnitTestResult>
    <UnitTestResult executionId="4d7357ef-b153-4fff-b233-bcee6fbfddf9" testId="1f9ae51e-fc79-9f91-6f77-8f90092704da" testName="The f3k-southern-fling fixture reproduces GliderScore exactly at all three grains across its twelve-task catalogue modulo its ledgered retired-pilot slots" computerName="pop-os" duration="00:00:05.0278280" startTime="2026-09-06T18:44:18.8185498+12:00" endTime="2026-09-06T18:44:23.8468763+12:00" testType="13cdc9d9-ddb5-4fa4-a97d-d965ccfc6d4b" outcome="Failed" testListId="8c84fa94-04c1-424b-9868-57a2d4851a1d" relativeResultsDirectory="4d7357ef-b153-4fff-b233-bcee6fbfddf9">
      <Output>
        <StdOut>Given the fixture corpus manifest
-&gt; done: ReplaySteps.GivenTheFixtureCorpusManifest() (0.0s)
When the harness replays the GliderScore fixture "f3k-southern-fling"
-&gt; error: Comparator GET /task-round-result?competitionRef=01a07575-f10d-78ae-8aa4-764d9fb1272e&amp;phaseOrdinal=0&amp;roundOrdinal=4&amp;taskRoundOrdinal=1 returned 500: {"type":"https://tools.ietf.org/html/rfc9110#section-15.6.1","title":"System.InvalidOperationException","status":500,"detail":"This operation cannot be performed on a default instance of ImmutableArray&lt;T&gt;.  Consider initializing the array, or checking the ImmutableArray&lt;T&gt;.IsDefault property.","exception":{"details":"System.InvalidOperationException: This operation cannot be performed on a default instance of ImmutableArray&lt;T&gt;.  Consider initializing the array, or checking the ImmutableArray&lt;T&gt;.IsDefault property.\n   at System.Collections.Immutable.ImmutableArray`1.System.Collections.Generic.IEnumerable&lt;T&gt;.GetEnumerator()\n   at System.Text.Json.Serialization.Converters.IEnumerableDefaultConverter`2.OnWriteResume(Utf8JsonWriter writer, TCollection value, JsonSerializerOptions options, WriteStack&amp; state)\n   at System.Text.Json.Serialization.JsonCollectionConverter`2.OnTryWrite(Utf8JsonWriter writer, TCollection value, JsonSerializerOptions options, WriteStack&amp; state)\n   at System.Text.Json.Serialization.Metadata.JsonPropertyInfo`1.GetMemberAndWriteJson(Object obj, WriteStack&amp; state, Utf8JsonWriter writer)\n   at System.Text.Json.Serialization.Converters.ObjectDefaultConverter`1.OnTryWrite(Utf8JsonWriter writer, T value, JsonSerializerOptions options, WriteStack&amp; state)\n   at System.Text.Json.Serialization.Converters.IEnumerableDefaultConverter`2.OnWriteResume(Utf8JsonWriter writer, TCollection value, JsonSerializerOptions options, WriteStack&amp; state)\n   at System.Text.Json.Serialization.JsonCollectionConverter`2.OnTryWrite(Utf8JsonWriter writer, TCollection value, JsonSerializerOptions options, WriteStack&amp; state)\n   at System.Text.Json.Serialization.Metadata.JsonPropertyInfo`1.GetMemberAndWriteJson(Object obj, WriteStack&amp; state, Utf8JsonWriter writer)\n   at System.Text.Json.Serialization.Converters.ObjectDefaultConverter`1.OnTryWrite(Utf8JsonWriter writer, T value, JsonSerializerOptions options, WriteStack&amp; state)\n   at System.Text.Json.Serialization.JsonConverter`1.TryWrite(Utf8JsonWriter writer, T&amp; value, JsonSerializerOptions options, WriteStack&amp; state)\n   at System.Text.Json.Serialization.Converters.ListOfTConverter`2.OnWriteResume(Utf8JsonWriter writer, TCollection value, JsonSerializerOptions options, WriteStack&amp; state)\n   at System.Text.Json.Serialization.JsonCollectionConverter`2.OnTryWrite(Utf8JsonWriter writer, TCollection value, JsonSerializerOptions options, WriteStack&amp; state)\n   at System.Text.Json.Serialization.JsonConverter`1.WriteCore(Utf8JsonWriter writer, T&amp; value, JsonSerializerOptions options, WriteStack&amp; state)\n   at System.Text.Json.Serialization.Metadata.JsonTypeInfo`1.SerializeAsync(PipeWriter pipeWriter, T rootValue, Int32 flushThreshold, CancellationToken cancellationToken, Object rootValueBoxed)\n   at System.Text.Json.Serialization.Metadata.JsonTypeInfo`1.SerializeAsync(PipeWriter pipeWriter, T rootValue, Int32 flushThreshold, CancellationToken cancellationToken, Object rootValueBoxed)\n   at System.Text.Json.Serialization.Metadata.JsonTypeInfo`1.SerializeAsync(PipeWriter pipeWriter, T rootValue, Int32 flushThreshold, CancellationToken cancellationToken, Object rootValueBoxed)\n   at System.Text.Json.Serialization.Metadata.JsonTypeInfo`1.SerializeAsync(PipeWriter pipeWriter, T rootValue, Int32 flushThreshold, CancellationToken cancellationToken, Object rootValueBoxed)\n   at Microsoft.AspNetCore.Http.HttpResponseJsonExtensions.WriteAsJsonAsyncSlow[TValue](PipeWriter body, TValue value, JsonSerializerOptions options, CancellationToken cancellationToken)\n   at Microsoft.AspNetCore.Http.RequestDelegateFactory.ExecuteTaskResult[T](Task`1 task, HttpContext httpContext)\n   at Microsoft.AspNetCore.Routing.EndpointMiddleware.&lt;Invoke&gt;g__AwaitRequestTask|7_0(Endpoint endpoint, Task requestTask, ILogger logger)\n   at Soarscore.Api.Composition.&lt;&gt;c.&lt;&lt;Build&gt;b__0_1&gt;d.MoveNext() in /home/pete/Source/SoarScore2/src/Soarscore.Api/Composition.cs:line 155\n--- End of stack trace from previous location ---\n   at Microsoft.AspNetCore.Diagnostics.DeveloperExceptionPageMiddlewareImpl.Invoke(HttpContext context)","headers":{"Host":["localhost"]},"path":"/task-round-result","endpoint":"HTTP: GET /task-round-result","routeValues":null},"traceId":"00-d982ae2848daf239c088a8a2143b32b9-cdc51b933550640d-00"} (5.0s)
Then every raw flight score matches the fixture oracle exactly
-&gt; skipped because of previous errors
And every normalised round score matches the fixture oracle exactly
-&gt; skipped because of previous errors
And the final ranking matches the fixture oracle exactly
-&gt; skipped because of previous errors
And kept normalised cells minus dropped cells and aggregate penalties conserve into every final score
-&gt; skipped because of previous errors
And every ledgered divergence cites an arithmetic-story divergence ID
-&gt; skipped because of previous errors
And the fixture ledger records exactly 14 accepted divergences
-&gt; skipped because of previous errors</StdOut>
        <ErrorInfo>
          <Message>System.InvalidOperationException : Comparator GET /task-round-result?competitionRef=01a07575-f10d-78ae-8aa4-764d9fb1272e&amp;phaseOrdinal=0&amp;roundOrdinal=4&amp;taskRoundOrdinal=1 returned 500: {"type":"https://tools.ietf.org/html/rfc9110#section-15.6.1","title":"System.InvalidOperationException","status":500,"detail":"This operation cannot be performed on a default instance of ImmutableArray&lt;T&gt;.  Consider initializing the array, or checking the ImmutableArray&lt;T&gt;.IsDefault property.","exception":{"details":"System.InvalidOperationException: This operation cannot be performed on a default instance of ImmutableArray&lt;T&gt;.  Consider initializing the array, or checking the ImmutableArray&lt;T&gt;.IsDefault property.\n   at System.Collections.Immutable.ImmutableArray`1.System.Collections.Generic.IEnumerable&lt;T&gt;.GetEnumerator()\n   at System.Text.Json.Serialization.Converters.IEnumerableDefaultConverter`2.OnWriteResume(Utf8JsonWriter writer, TCollection value, JsonSerializerOptions options, WriteStack&amp; state)\n   at System.Text.Json.Serialization.JsonCollectionConverter`2.OnTryWrite(Utf8JsonWriter writer, TCollection value, JsonSerializerOptions options, WriteStack&amp; state)\n   at System.Text.Json.Serialization.Metadata.JsonPropertyInfo`1.GetMemberAndWriteJson(Object obj, WriteStack&amp; state, Utf8JsonWriter writer)\n   at System.Text.Json.Serialization.Converters.ObjectDefaultConverter`1.OnTryWrite(Utf8JsonWriter writer, T value, JsonSerializerOptions options, WriteStack&amp; state)\n   at System.Text.Json.Serialization.Converters.IEnumerableDefaultConverter`2.OnWriteResume(Utf8JsonWriter writer, TCollection value, JsonSerializerOptions options, WriteStack&amp; state)\n   at System.Text.Json.Serialization.JsonCollectionConverter`2.OnTryWrite(Utf8JsonWriter writer, TCollection value, JsonSerializerOptions options, WriteStack&amp; state)\n   at System.Text.Json.Serialization.Metadata.JsonPropertyInfo`1.GetMemberAndWriteJson(Object obj, WriteStack&amp; state, Utf8JsonWriter writer)\n   at System.Text.Json.Serialization.Converters.ObjectDefaultConverter`1.OnTryWrite(Utf8JsonWriter writer, T value, JsonSerializerOptions options, WriteStack&amp; state)\n   at System.Text.Json.Serialization.JsonConverter`1.TryWrite(Utf8JsonWriter writer, T&amp; value, JsonSerializerOptions options, WriteStack&amp; state)\n   at System.Text.Json.Serialization.Converters.ListOfTConverter`2.OnWriteResume(Utf8JsonWriter writer, TCollection value, JsonSerializerOptions options, WriteStack&amp; state)\n   at System.Text.Json.Serialization.JsonCollectionConverter`2.OnTryWrite(Utf8JsonWriter writer, TCollection value, JsonSerializerOptions options, WriteStack&amp; state)\n   at System.Text.Json.Serialization.JsonConverter`1.WriteCore(Utf8JsonWriter writer, T&amp; value, JsonSerializerOptions options, WriteStack&amp; state)\n   at System.Text.Json.Serialization.Metadata.JsonTypeInfo`1.SerializeAsync(PipeWriter pipeWriter, T rootValue, Int32 flushThreshold, CancellationToken cancellationToken, Object rootValueBoxed)\n   at System.Text.Json.Serialization.Metadata.JsonTypeInfo`1.SerializeAsync(PipeWriter pipeWriter, T rootValue, Int32 flushThreshold, CancellationToken cancellationToken, Object rootValueBoxed)\n   at System.Text.Json.Serialization.Metadata.JsonTypeInfo`1.SerializeAsync(PipeWriter pipeWriter, T rootValue, Int32 flushThreshold, CancellationToken cancellationToken, Object rootValueBoxed)\n   at System.Text.Json.Serialization.Metadata.JsonTypeInfo`1.SerializeAsync(PipeWriter pipeWriter, T rootValue, Int32 flushThreshold, CancellationToken cancellationToken, Object rootValueBoxed)\n   at Microsoft.AspNetCore.Http.HttpResponseJsonExtensions.WriteAsJsonAsyncSlow[TValue](PipeWriter body, TValue value, JsonSerializerOptions options, CancellationToken cancellationToken)\n   at Microsoft.AspNetCore.Http.RequestDelegateFactory.ExecuteTaskResult[T](Task`1 task, HttpContext httpContext)\n   at Microsoft.AspNetCore.Routing.EndpointMiddleware.&lt;Invoke&gt;g__AwaitRequestTask|7_0(Endpoint endpoint, Task requestTask, ILogger logger)\n   at Soarscore.Api.Composition.&lt;&gt;c.&lt;&lt;Build&gt;b__0_1&gt;d.MoveNext() in /home/pete/Source/SoarScore2/src/Soarscore.Api/Composition.cs:line 155\n--- End of stack trace from previous location ---\n   at Microsoft.AspNetCore.Diagnostics.DeveloperExceptionPageMiddlewareImpl.Invoke(HttpContext context)","headers":{"Host":["localhost"]},"path":"/task-round-result","endpoint":"HTTP: GET /task-round-result","routeValues":null},"traceId":"00-d982ae2848daf239c088a8a2143b32b9-cdc51b933550640d-00"}</Message>
          <StackTrace>   at Soarscore.Acceptance.Tests.Support.Gliderscore.Comparator.GetAsync[T](HttpClient client, String url) in /home/pete/Source/SoarScore2/tests/Soarscore.Acceptance.Tests/Support/Gliderscore/Comparator.cs:line 1446
   at Soarscore.Acceptance.Tests.Support.Gliderscore.Comparator.CompareRawGrainViaHttpAsync(GliderscoreFixture fixture, ReplayOutcome outcome, Competition competition, IReadOnlyDictionary`2 entries, HttpClient client, Int32 taskNo, HashSet`1 compared, List`1 mismatches) in /home/pete/Source/SoarScore2/tests/Soarscore.Acceptance.Tests/Support/Gliderscore/Comparator.cs:line 435
   at Soarscore.Acceptance.Tests.Support.Gliderscore.Comparator.CompareAsync(GliderscoreFixture fixture, ReplayOutcome outcome, IEventStore eventStore, HttpClient client) in /home/pete/Source/SoarScore2/tests/Soarscore.Acceptance.Tests/Support/Gliderscore/Comparator.cs:line 286
   at Soarscore.Acceptance.Tests.Steps.ReplaySteps.WhenTheHarnessReplaysTheGliderScoreFixture(String slug) in /home/pete/Source/SoarScore2/tests/Soarscore.Acceptance.Tests/Steps/ReplaySteps.cs:line 46
   at Reqnroll.Bindings.AsyncMethodHelper.ConvertTaskOfT(Task task, Boolean getValue)
   at Reqnroll.Bindings.BindingDelegateInvoker.InvokeDelegateAsync(Delegate bindingDelegate, Object[] invokeArgs, ExecutionContextHolder executionContext)
   at Reqnroll.Bindings.BindingInvoker.InvokeBindingAsync(IBinding binding, IContextManager contextManager, Object[] arguments, ITestTracer testTracer, DurationHolder durationHolder)
   at Reqnroll.Infrastructure.TestExecutionEngine.ExecuteStepMatchAsync(BindingMatch match, Object[] arguments, DurationHolder durationHolder)
   at Reqnroll.Infrastructure.TestExecutionEngine.ExecuteStepMatchAsync(BindingMatch match, Object[] arguments, DurationHolder durationHolder)
   at Reqnroll.Infrastructure.TestExecutionEngine.&lt;&gt;c__DisplayClass57_0.&lt;&lt;ExecuteStepAsync&gt;b__7&gt;d.MoveNext()
--- End of stack trace from previous location ---
   at Reqnroll.Infrastructure.TestExecutionEngine.&lt;&gt;c__DisplayClass57_0.&lt;&lt;ExecuteStepAsync&gt;g__HandleStepExecutionExceptions|0&gt;d.MoveNext()
   at Reqnroll.Infrastructure.TestExecutionEngine.OnAfterLastStepAsync()
   at Reqnroll.TestRunner.CollectScenarioErrorsAsync()
   at Soarscore.Acceptance.Tests.Features.ReplayingAGliderScoreFixtureFeature.ScenarioCleanupAsync()
   at Soarscore.Acceptance.Tests.Features.ReplayingAGliderScoreFixtureFeature.TheF3K_Southern_FlingFixtureReproducesGliderScoreExactlyAtAllThreeGrainsAcrossItsTwelve_TaskCatalogueModuloItsLedgeredRetired_PilotSlots() in /home/pete/Source/SoarScore2/tests/Soarscore.Acceptance.Tests/Features/ReplayingAGliderscoreFixture.feature:line 93
--- End of stack trace from previous location ---</StackTrace>
        </ErrorInfo>
      </Output>
    </UnitTestResult>
    <UnitTestResult executionId="772fb68b-77b2-4fee-b946-f55f0f3f4d96" testId="ecefc937-7d74-7a3f-8bcb-e032c2e61008" testName="The f5j-nz-south-island fixture reproduces GliderScore exactly at all three grains" computerName="pop-os" duration="00:00:02.7886748" startTime="2026-09-06T18:44:48.2736478+12:00" endTime="2026-09-06T18:44:51.0627739+12:00" testType="13cdc9d9-ddb5-4fa4-a97d-d965ccfc6d4b" outcome="Failed" testListId="8c84fa94-04c1-424b-9868-57a2d4851a1d" relativeResultsDirectory="772fb68b-77b2-4fee-b946-f55f0f3f4d96">
      <Output>
        <StdOut>Given the fixture corpus manifest
-&gt; done: ReplaySteps.GivenTheFixtureCorpusManifest() (0.0s)
When the harness replays the GliderScore fixture "f5j-nz-south-island"
-&gt; error: Comparator GET /task-round-result?competitionRef=01a07576-6416-76b9-bd8e-3ac9a3dac02f&amp;phaseOrdinal=0&amp;roundOrdinal=1&amp;taskRoundOrdinal=1 returned 500: {"type":"https://tools.ietf.org/html/rfc9110#section-15.6.1","title":"System.InvalidOperationException","status":500,"detail":"This operation cannot be performed on a default instance of ImmutableArray&lt;T&gt;.  Consider initializing the array, or checking the ImmutableArray&lt;T&gt;.IsDefault property.","exception":{"details":"System.InvalidOperationException: This operation cannot be performed on a default instance of ImmutableArray&lt;T&gt;.  Consider initializing the array, or checking the ImmutableArray&lt;T&gt;.IsDefault property.\n   at System.Collections.Immutable.ImmutableArray`1.System.Collections.Generic.IEnumerable&lt;T&gt;.GetEnumerator()\n   at System.Text.Json.Serialization.Converters.IEnumerableDefaultConverter`2.OnWriteResume(Utf8JsonWriter writer, TCollection value, JsonSerializerOptions options, WriteStack&amp; state)\n   at System.Text.Json.Serialization.JsonCollectionConverter`2.OnTryWrite(Utf8JsonWriter writer, TCollection value, JsonSerializerOptions options, WriteStack&amp; state)\n   at System.Text.Json.Serialization.Metadata.JsonPropertyInfo`1.GetMemberAndWriteJson(Object obj, WriteStack&amp; state, Utf8JsonWriter writer)\n   at System.Text.Json.Serialization.Converters.ObjectDefaultConverter`1.OnTryWrite(Utf8JsonWriter writer, T value, JsonSerializerOptions options, WriteStack&amp; state)\n   at System.Text.Json.Serialization.Converters.IEnumerableDefaultConverter`2.OnWriteResume(Utf8JsonWriter writer, TCollection value, JsonSerializerOptions options, WriteStack&amp; state)\n   at System.Text.Json.Serialization.JsonCollectionConverter`2.OnTryWrite(Utf8JsonWriter writer, TCollection value, JsonSerializerOptions options, WriteStack&amp; state)\n   at System.Text.Json.Serialization.Metadata.JsonPropertyInfo`1.GetMemberAndWriteJson(Object obj, WriteStack&amp; state, Utf8JsonWriter writer)\n   at System.Text.Json.Serialization.Converters.ObjectDefaultConverter`1.OnTryWrite(Utf8JsonWriter writer, T value, JsonSerializerOptions options, WriteStack&amp; state)\n   at System.Text.Json.Serialization.JsonConverter`1.TryWrite(Utf8JsonWriter writer, T&amp; value, JsonSerializerOptions options, WriteStack&amp; state)\n   at System.Text.Json.Serialization.Converters.ListOfTConverter`2.OnWriteResume(Utf8JsonWriter writer, TCollection value, JsonSerializerOptions options, WriteStack&amp; state)\n   at System.Text.Json.Serialization.JsonCollectionConverter`2.OnTryWrite(Utf8JsonWriter writer, TCollection value, JsonSerializerOptions options, WriteStack&amp; state)\n   at System.Text.Json.Serialization.JsonConverter`1.WriteCore(Utf8JsonWriter writer, T&amp; value, JsonSerializerOptions options, WriteStack&amp; state)\n   at System.Text.Json.Serialization.Metadata.JsonTypeInfo`1.SerializeAsync(PipeWriter pipeWriter, T rootValue, Int32 flushThreshold, CancellationToken cancellationToken, Object rootValueBoxed)\n   at System.Text.Json.Serialization.Metadata.JsonTypeInfo`1.SerializeAsync(PipeWriter pipeWriter, T rootValue, Int32 flushThreshold, CancellationToken cancellationToken, Object rootValueBoxed)\n   at System.Text.Json.Serialization.Metadata.JsonTypeInfo`1.SerializeAsync(PipeWriter pipeWriter, T rootValue, Int32 flushThreshold, CancellationToken cancellationToken, Object rootValueBoxed)\n   at System.Text.Json.Serialization.Metadata.JsonTypeInfo`1.SerializeAsync(PipeWriter pipeWriter, T rootValue, Int32 flushThreshold, CancellationToken cancellationToken, Object rootValueBoxed)\n   at Microsoft.AspNetCore.Http.HttpResponseJsonExtensions.WriteAsJsonAsyncSlow[TValue](PipeWriter body, TValue value, JsonSerializerOptions options, CancellationToken cancellationToken)\n   at Microsoft.AspNetCore.Http.RequestDelegateFactory.ExecuteTaskResult[T](Task`1 task, HttpContext httpContext)\n   at Microsoft.AspNetCore.Routing.EndpointMiddleware.&lt;Invoke&gt;g__AwaitRequestTask|7_0(Endpoint endpoint, Task requestTask, ILogger logger)\n   at Soarscore.Api.Composition.&lt;&gt;c.&lt;&lt;Build&gt;b__0_1&gt;d.MoveNext() in /home/pete/Source/SoarScore2/src/Soarscore.Api/Composition.cs:line 155\n--- End of stack trace from previous location ---\n   at Microsoft.AspNetCore.Diagnostics.DeveloperExceptionPageMiddlewareImpl.Invoke(HttpContext context)","headers":{"Host":["localhost"]},"path":"/task-round-result","endpoint":"HTTP: GET /task-round-result","routeValues":null},"traceId":"00-86198146473b277cac791104c65d6957-e23988f3f1dc153b-00"} (2.8s)
Then every raw flight score matches the fixture oracle exactly
-&gt; skipped because of previous errors
And every normalised round score matches the fixture oracle exactly
-&gt; skipped because of previous errors
And the final ranking matches the fixture oracle exactly
-&gt; skipped because of previous errors
And kept normalised cells minus dropped cells and aggregate penalties conserve into every final score
-&gt; skipped because of previous errors
And the fixture carries no ledgered divergences
-&gt; skipped because of previous errors</StdOut>
        <ErrorInfo>
          <Message>System.InvalidOperationException : Comparator GET /task-round-result?competitionRef=01a07576-6416-76b9-bd8e-3ac9a3dac02f&amp;phaseOrdinal=0&amp;roundOrdinal=1&amp;taskRoundOrdinal=1 returned 500: {"type":"https://tools.ietf.org/html/rfc9110#section-15.6.1","title":"System.InvalidOperationException","status":500,"detail":"This operation cannot be performed on a default instance of ImmutableArray&lt;T&gt;.  Consider initializing the array, or checking the ImmutableArray&lt;T&gt;.IsDefault property.","exception":{"details":"System.InvalidOperationException: This operation cannot be performed on a default instance of ImmutableArray&lt;T&gt;.  Consider initializing the array, or checking the ImmutableArray&lt;T&gt;.IsDefault property.\n   at System.Collections.Immutable.ImmutableArray`1.System.Collections.Generic.IEnumerable&lt;T&gt;.GetEnumerator()\n   at System.Text.Json.Serialization.Converters.IEnumerableDefaultConverter`2.OnWriteResume(Utf8JsonWriter writer, TCollection value, JsonSerializerOptions options, WriteStack&amp; state)\n   at System.Text.Json.Serialization.JsonCollectionConverter`2.OnTryWrite(Utf8JsonWriter writer, TCollection value, JsonSerializerOptions options, WriteStack&amp; state)\n   at System.Text.Json.Serialization.Metadata.JsonPropertyInfo`1.GetMemberAndWriteJson(Object obj, WriteStack&amp; state, Utf8JsonWriter writer)\n   at System.Text.Json.Serialization.Converters.ObjectDefaultConverter`1.OnTryWrite(Utf8JsonWriter writer, T value, JsonSerializerOptions options, WriteStack&amp; state)\n   at System.Text.Json.Serialization.Converters.IEnumerableDefaultConverter`2.OnWriteResume(Utf8JsonWriter writer, TCollection value, JsonSerializerOptions options, WriteStack&amp; state)\n   at System.Text.Json.Serialization.JsonCollectionConverter`2.OnTryWrite(Utf8JsonWriter writer, TCollection value, JsonSerializerOptions options, WriteStack&amp; state)\n   at System.Text.Json.Serialization.Metadata.JsonPropertyInfo`1.GetMemberAndWriteJson(Object obj, WriteStack&amp; state, Utf8JsonWriter writer)\n   at System.Text.Json.Serialization.Converters.ObjectDefaultConverter`1.OnTryWrite(Utf8JsonWriter writer, T value, JsonSerializerOptions options, WriteStack&amp; state)\n   at System.Text.Json.Serialization.JsonConverter`1.TryWrite(Utf8JsonWriter writer, T&amp; value, JsonSerializerOptions options, WriteStack&amp; state)\n   at System.Text.Json.Serialization.Converters.ListOfTConverter`2.OnWriteResume(Utf8JsonWriter writer, TCollection value, JsonSerializerOptions options, WriteStack&amp; state)\n   at System.Text.Json.Serialization.JsonCollectionConverter`2.OnTryWrite(Utf8JsonWriter writer, TCollection value, JsonSerializerOptions options, WriteStack&amp; state)\n   at System.Text.Json.Serialization.JsonConverter`1.WriteCore(Utf8JsonWriter writer, T&amp; value, JsonSerializerOptions options, WriteStack&amp; state)\n   at System.Text.Json.Serialization.Metadata.JsonTypeInfo`1.SerializeAsync(PipeWriter pipeWriter, T rootValue, Int32 flushThreshold, CancellationToken cancellationToken, Object rootValueBoxed)\n   at System.Text.Json.Serialization.Metadata.JsonTypeInfo`1.SerializeAsync(PipeWriter pipeWriter, T rootValue, Int32 flushThreshold, CancellationToken cancellationToken, Object rootValueBoxed)\n   at System.Text.Json.Serialization.Metadata.JsonTypeInfo`1.SerializeAsync(PipeWriter pipeWriter, T rootValue, Int32 flushThreshold, CancellationToken cancellationToken, Object rootValueBoxed)\n   at System.Text.Json.Serialization.Metadata.JsonTypeInfo`1.SerializeAsync(PipeWriter pipeWriter, T rootValue, Int32 flushThreshold, CancellationToken cancellationToken, Object rootValueBoxed)\n   at Microsoft.AspNetCore.Http.HttpResponseJsonExtensions.WriteAsJsonAsyncSlow[TValue](PipeWriter body, TValue value, JsonSerializerOptions options, CancellationToken cancellationToken)\n   at Microsoft.AspNetCore.Http.RequestDelegateFactory.ExecuteTaskResult[T](Task`1 task, HttpContext httpContext)\n   at Microsoft.AspNetCore.Routing.EndpointMiddleware.&lt;Invoke&gt;g__AwaitRequestTask|7_0(Endpoint endpoint, Task requestTask, ILogger logger)\n   at Soarscore.Api.Composition.&lt;&gt;c.&lt;&lt;Build&gt;b__0_1&gt;d.MoveNext() in /home/pete/Source/SoarScore2/src/Soarscore.Api/Composition.cs:line 155\n--- End of stack trace from previous location ---\n   at Microsoft.AspNetCore.Diagnostics.DeveloperExceptionPageMiddlewareImpl.Invoke(HttpContext context)","headers":{"Host":["localhost"]},"path":"/task-round-result","endpoint":"HTTP: GET /task-round-result","routeValues":null},"traceId":"00-86198146473b277cac791104c65d6957-e23988f3f1dc153b-00"}</Message>
          <StackTrace>   at Soarscore.Acceptance.Tests.Support.Gliderscore.Comparator.GetAsync[T](HttpClient client, String url) in /home/pete/Source/SoarScore2/tests/Soarscore.Acceptance.Tests/Support/Gliderscore/Comparator.cs:line 1446
   at Soarscore.Acceptance.Tests.Support.Gliderscore.Comparator.CompareRawGrainViaHttpAsync(GliderscoreFixture fixture, ReplayOutcome outcome, Competition competition, IReadOnlyDictionary`2 entries, HttpClient client, Int32 taskNo, HashSet`1 compared, List`1 mismatches) in /home/pete/Source/SoarScore2/tests/Soarscore.Acceptance.Tests/Support/Gliderscore/Comparator.cs:line 435
   at Soarscore.Acceptance.Tests.Support.Gliderscore.Comparator.CompareAsync(GliderscoreFixture fixture, ReplayOutcome outcome, IEventStore eventStore, HttpClient client) in /home/pete/Source/SoarScore2/tests/Soarscore.Acceptance.Tests/Support/Gliderscore/Comparator.cs:line 286
   at Soarscore.Acceptance.Tests.Steps.ReplaySteps.WhenTheHarnessReplaysTheGliderScoreFixture(String slug) in /home/pete/Source/SoarScore2/tests/Soarscore.Acceptance.Tests/Steps/ReplaySteps.cs:line 46
   at Reqnroll.Bindings.AsyncMethodHelper.ConvertTaskOfT(Task task, Boolean getValue)
   at Reqnroll.Bindings.BindingDelegateInvoker.InvokeDelegateAsync(Delegate bindingDelegate, Object[] invokeArgs, ExecutionContextHolder executionContext)
   at Reqnroll.Bindings.BindingInvoker.InvokeBindingAsync(IBinding binding, IContextManager contextManager, Object[] arguments, ITestTracer testTracer, DurationHolder durationHolder)
   at Reqnroll.Infrastructure.TestExecutionEngine.ExecuteStepMatchAsync(BindingMatch match, Object[] arguments, DurationHolder durationHolder)
   at Reqnroll.Infrastructure.TestExecutionEngine.ExecuteStepMatchAsync(BindingMatch match, Object[] arguments, DurationHolder durationHolder)
   at Reqnroll.Infrastructure.TestExecutionEngine.&lt;&gt;c__DisplayClass57_0.&lt;&lt;ExecuteStepAsync&gt;b__7&gt;d.MoveNext()
--- End of stack trace from previous location ---
   at Reqnroll.Infrastructure.TestExecutionEngine.&lt;&gt;c__DisplayClass57_0.&lt;&lt;ExecuteStepAsync&gt;g__HandleStepExecutionExceptions|0&gt;d.MoveNext()
   at Reqnroll.Infrastructure.TestExecutionEngine.OnAfterLastStepAsync()
   at Reqnroll.TestRunner.CollectScenarioErrorsAsync()
   at Soarscore.Acceptance.Tests.Features.ReplayingAGliderScoreFixtureFeature.ScenarioCleanupAsync()
   at Soarscore.Acceptance.Tests.Features.ReplayingAGliderScoreFixtureFeature.TheF5J_Nz_South_IslandFixtureReproducesGliderScoreExactlyAtAllThreeGrains() in /home/pete/Source/SoarScore2/tests/Soarscore.Acceptance.Tests/Features/ReplayingAGliderscoreFixture.feature:line 122
--- End of stack trace from previous location ---</StackTrace>
        </ErrorInfo>
      </Output>
    </UnitTestResult>
    <UnitTestResult executionId="2aa38ccf-d3e1-4573-84dd-9e24ff822558" testId="a964963d-8816-055c-19e7-93f8d972de20" testName="The f3k-june-2020 fixture reproduces GliderScore exactly at all three grains modulo its ledgered cancelled re-draw cells" computerName="pop-os" duration="00:00:03.7317417" startTime="2026-09-06T18:44:44.5314471+12:00" endTime="2026-09-06T18:44:48.2634937+12:00" testType="13cdc9d9-ddb5-4fa4-a97d-d965ccfc6d4b" outcome="Failed" testListId="8c84fa94-04c1-424b-9868-57a2d4851a1d" relativeResultsDirectory="2aa38ccf-d3e1-4573-84dd-9e24ff822558">
      <Output>
[...]
[xUnit.net 00:00:53.86]       Stack Trace:
[xUnit.net 00:00:53.86]         /home/pete/Source/SoarScore2/tests/Soarscore.Acceptance.Tests/Support/Gliderscore/Comparator.cs(1446,0): at Soarscore.Acceptance.Tests.Support.Gliderscore.Comparator.GetAsync[T](HttpClient client, String url)
[xUnit.net 00:00:53.86]         /home/pete/Source/SoarScore2/tests/Soarscore.Acceptance.Tests/Support/Gliderscore/Comparator.cs(435,0): at Soarscore.Acceptance.Tests.Support.Gliderscore.Comparator.CompareRawGrainViaHttpAsync(GliderscoreFixture fixture, ReplayOutcome outcome, Competition competition, IReadOnlyDictionary`2 entries, HttpClient client, Int32 taskNo, HashSet`1 compared, List`1 mismatches)
[xUnit.net 00:00:53.86]         /home/pete/Source/SoarScore2/tests/Soarscore.Acceptance.Tests/Support/Gliderscore/Comparator.cs(286,0): at Soarscore.Acceptance.Tests.Support.Gliderscore.Comparator.CompareAsync(GliderscoreFixture fixture, ReplayOutcome outcome, IEventStore eventStore, HttpClient client)
[xUnit.net 00:00:53.86]         /home/pete/Source/SoarScore2/tests/Soarscore.Acceptance.Tests/Steps/ReplaySteps.cs(46,0): at Soarscore.Acceptance.Tests.Steps.ReplaySteps.WhenTheHarnessReplaysTheGliderScoreFixture(String slug)
[xUnit.net 00:00:53.86]            at Reqnroll.Bindings.AsyncMethodHelper.ConvertTaskOfT(Task task, Boolean getValue)
[xUnit.net 00:00:53.86]            at Reqnroll.Bindings.BindingDelegateInvoker.InvokeDelegateAsync(Delegate bindingDelegate, Object[] invokeArgs, ExecutionContextHolder executionContext)
[xUnit.net 00:00:53.86]            at Reqnroll.Bindings.BindingInvoker.InvokeBindingAsync(IBinding binding, IContextManager contextManager, Object[] arguments, ITestTracer testTracer, DurationHolder durationHolder)
[xUnit.net 00:00:53.86]            at Reqnroll.Infrastructure.TestExecutionEngine.ExecuteStepMatchAsync(BindingMatch match, Object[] arguments, DurationHolder durationHolder)
[xUnit.net 00:00:53.86]            at Reqnroll.Infrastructure.TestExecutionEngine.ExecuteStepMatchAsync(BindingMatch match, Object[] arguments, DurationHolder durationHolder)
[xUnit.net 00:00:53.86]            at Reqnroll.Infrastructure.TestExecutionEngine.&lt;&gt;c__DisplayClass57_0.&lt;&lt;ExecuteStepAsync&gt;b__7&gt;d.MoveNext()
[xUnit.net 00:00:53.86]         --- End of stack trace from previous location ---
[xUnit.net 00:00:53.86]            at Reqnroll.Infrastructure.TestExecutionEngine.&lt;&gt;c__DisplayClass57_0.&lt;&lt;ExecuteStepAsync&gt;g__HandleStepExecutionExceptions|0&gt;d.MoveNext()
[xUnit.net 00:00:53.86]            at Reqnroll.Infrastructure.TestExecutionEngine.OnAfterLastStepAsync()
[xUnit.net 00:00:53.86]            at Reqnroll.TestRunner.CollectScenarioErrorsAsync()
[xUnit.net 00:00:53.86]            at Soarscore.Acceptance.Tests.Features.ReplayingAGliderScoreFixtureFeature.ScenarioCleanupAsync()
[xUnit.net 00:00:53.86]         /home/pete/Source/SoarScore2/tests/Soarscore.Acceptance.Tests/Features/ReplayingAGliderscoreFixture.feature(53,0): at Soarscore.Acceptance.Tests.Features.ReplayingAGliderScoreFixtureFeature.TheF3J_InternationalFixtureReproducesGliderScoreExactlyAtAllThreeGrainsModuloItsLedgeredPhantom_GroupCells()
[xUnit.net 00:00:53.86]         --- End of stack trace from previous location ---
[xUnit.net 00:00:53.86]       Output:
[xUnit.net 00:00:53.86]         Given the fixture corpus manifest
[xUnit.net 00:00:53.86]         -&gt; done: ReplaySteps.GivenTheFixtureCorpusManifest() (0.0s)
[xUnit.net 00:00:53.86]         When the harness replays the GliderScore fixture "f3j-international"
[xUnit.net 00:00:53.86]         -&gt; error: Comparator GET /task-round-result?competitionRef=01a07576-6f02-77e1-ad59-5f5cd6f07ff4&amp;phaseOrdinal=0&amp;roundOrdinal=1&amp;taskRoundOrdinal=1 returned 500: [{"groupRef":{"value":"01a07576-7001-74d1-b816-b2b65d9ccff1"},"results":[{"competitorRef":{"value":"01a07576-6f1d-7038-8690-7dcb07e444a4"},"role":"Original","state":"Valid","rawScore":732.2,"preNormalisationScore":432,"awaitingCapture":[]},{"competitorRef":{"value":"01a07576-6f45-7789-bc53-2fad5c1f00f0"},"role":"Original","state":"Valid","rawScore":967.8,"preNormalisationScore":571,"awaitingCapture":[]},{"competitorRef":{"value":"01a07576-6f25-7a75-bb31-b76192bbd494"},"role":"Original","state":"Valid","rawScore":996.6,"preNormalisationScore":588,"awaitingCapture":[]},{"competitorRef":{"value":"01a07576-6f43-7da4-99b3-e95ee379ef63"},"role":"Original","state":"Valid","rawScore":974.6,"preNormalisationScore":575,"awaitingCapture":[]},{"competitorRef":{"value":"01a07576-6f38-7df1-83d4-5d3775316ce7"},"role":"Original","state":"Valid","rawScore":1000,"preNormalisationScore":590,"awaitingCapture":[]},{"competitorRef":{"value":"01a07576-6f2c-742e-b078-e5e7dd6430a3"},"role":"Original","state":"Valid","rawScore":900,"preNormalisationScore":531,"awaitingCapture":[]},{"competitorRef":{"value":"01a07576-6f32-721f-aea8-a85d09670c87"},"role":"Original","state":"Valid","rawScore":769.5,"preNormalisationScore":454,"awaitingCapture":[]},{"competitorRef":{"value":"01a07576-6f36-7dc7-87b0-e9126fe7301c"},"role":"Original","state":"Valid","rawScore":969.5,"preNormalisationScore":572,"awaitingCapture":[]}],"winnerRef":{"value":"01a07576-6f38-7df1-83d4-5d3775316ce7"},"validCount":8,"isAnnulled":false},{"groupRef":{"value":"01a07576-7001-747b-b374-fe088a69415e"},"results":[{"competitorRef":{"value":"01a07576-6f08-7636-8525-7fac24817db6"},"role":"Original","state":"Valid","rawScore":969.4,"preNormalisationScore":570,"awaitingCapture":[]},{"competitorRef":{"value":"01a07576-6f1b-7b14-bc96-023aa53ef957"},"role":"Original","state":"Valid","rawScore":998.3,"preNormalisationScore":587,"awaitingCapture":[]},{"competitorRef":{"value":"01a07576-6f22-708d-8ce0-d68669c27861"},"role":"Original","state":"Valid","rawScore":996.6,"preNormalisationScore":586,"awaitingCapture":[]},{"competitorRef":{"value":"01a07576-6f50-70b8-9a03-7c91055312f3"},"role":"Original","state":"Valid","rawScore":983,"preNormalisationScore":578,"awaitingCapture":[]},{"competitorRef":{"value":"01a07576-6f28-7b7a-9e86-b43ded1943a7"},"role":"Original","state":"Valid","rawScore":959.2,"preNormalisationScore":564,"awaitingCapture":[]},{"competitorRef":{"value":"01a07576-6f2a-72f2-bbba-af5a1d642324"},"role":"Original","state":"Valid","rawScore":1000,"preNormalisationScore":588,"awaitingCapture":[]},{"competitorRef":{"value":"01a07576-6f47-75df-aa52-1bd270ba3ed3"},"role":"Original","state":"Valid","rawScore":986.4,"preNormalisationScore":580,"awaitingCapture":[]}],"winnerRef":{"value":"01a07576-6f2a-72f2-bbba-af5a1d642324"},"validCount":7,"isAnnulled":false},{"groupRef":{"value":"01a07576-7001-7ac6-8666-f752b6729ac4"},"results":[{"competitorRef":{"value":"01a07576-6f3a-700d-8fa4-85f45110d020"},"role":"Original","state":"Valid","rawScore":1000,"preNormalisationScore":598,"awaitingCapture":[]},{"competitorRef":{"value":"01a07576-6f3f-7485-9dde-e269dcd4e19a"},"role":"Original","state":"Valid","rawScore":964.9,"preNormalisationScore":577,"awaitingCapture":[]},{"competitorRef":{"value":"01a07576-6f19-7572-b76f-491c5cf7571f"},"role":"Original","state":"Valid","rawScore":988.3,"preNormalisationScore":591,"awaitingCapture":[]},{"competitorRef":{"value":"01a07576-6f2e-7a26-871f-ac32bf4fc22e"},"role":"Original","state":"Valid","rawScore":954.8,"preNormalisationScore":571,"awaitingCapture":[]},{"competitorRef":{"value":"01a07576-6f13-7df4-9c31-44fd5305581a"},"role":"Original","state":"Valid","rawScore":811,"preNormalisationScore":485,"awaitingCapture":[]},{"competitorRef":{"value":"01a07576-6f3d-79f7-811b-a072773bc20c"},"role":"Original","state":"Valid","rawScore":959.9,"preNormalisationScore":574,"awaitingCapture":[]},{"competitorRef":{"value":"01a07576-6f1f-7741-b052-2f58ac8c7925"},"role":"Original","state":"Valid","rawScore":966.6,"preNormalisationScore":578,"awaitingCapture":[]},{"competitorRef":{{"type":"https://tools.ietf.org/html/rfc9110#section-15.6.1","title":"System.InvalidOperationException","status":500,"detail":"This operation cannot be performed on a default instance of ImmutableArray&lt;T&gt;.  Consider initializing the array, or checking the ImmutableArray&lt;T&gt;.IsDefault property.","exception":{"details":"System.InvalidOperationException: This operation cannot be performed on a default instance of ImmutableArray&lt;T&gt;.  Consider initializing the array, or checking the ImmutableArray&lt;T&gt;.IsDefault property.\n   at System.Collections.Immutable.ImmutableArray`1.System.Collections.Generic.IEnumerable&lt;T&gt;.GetEnumerator()\n   at System.Text.Json.Serialization.Converters.IEnumerableDefaultConverter`2.OnWriteResume(Utf8JsonWriter writer, TCollection value, JsonSerializerOptions options, WriteStack&amp; state)\n   at System.Text.Json.Serialization.JsonCollectionConverter`2.OnTryWrite(Utf8JsonWriter writer, TCollection value, JsonSerializerOptions options, WriteStack&amp; state)\n   at System.Text.Json.Serialization.Metadata.JsonPropertyInfo`1.GetMemberAndWriteJson(Object obj, WriteStack&amp; state, Utf8JsonWriter writer)\n   at System.Text.Json.Serialization.Converters.ObjectDefaultConverter`1.OnTryWrite(Utf8JsonWriter writer, T value, JsonSerializerOptions options, WriteStack&amp; state)\n   at System.Text.Json.Serialization.Converters.IEnumerableDefaultConverter`2.OnWriteResume(Utf8JsonWriter writer, TCollection value, JsonSerializerOptions options, WriteStack&amp; state)\n   at System.Text.Json.Serialization.JsonCollectionConverter`2.OnTryWrite(Utf8JsonWriter writer, TCollection value, JsonSerializerOptions options, WriteStack&amp; state)\n   at System.Text.Json.Serialization.Metadata.JsonPropertyInfo`1.GetMemberAndWriteJson(Object obj, WriteStack&amp; state, Utf8JsonWriter writer)\n   at System.Text.Json.Serialization.Converters.ObjectDefaultConverter`1.OnTryWrite(Utf8JsonWriter writer, T value, JsonSerializerOptions options, WriteStack&amp; state)\n   at System.Text.Json.Serialization.JsonConverter`1.TryWrite(Utf8JsonWriter writer, T&amp; value, JsonSerializerOptions options, WriteStack&amp; state)\n   at System.Text.Json.Serialization.Converters.ListOfTConverter`2.OnWriteResume(Utf8JsonWriter writer, TCollection value, JsonSerializerOptions options, WriteStack&amp; state)\n   at System.Text.Json.Serialization.JsonCollectionConverter`2.OnTryWrite(Utf8JsonWriter writer, TCollection value, JsonSerializerOptions options, WriteStack&amp; state)\n   at System.Text.Json.Serialization.JsonConverter`1.WriteCore(Utf8JsonWriter writer, T&amp; value, JsonSerializerOptions options, WriteStack&amp; state)\n   at System.Text.Json.Serialization.Metadata.JsonTypeInfo`1.SerializeAsync(PipeWriter pipeWriter, T rootValue, Int32 flushThreshold, CancellationToken cancellationToken, Object rootValueBoxed)\n   at System.Text.Json.Serialization.Metadata.JsonTypeInfo`1.SerializeAsync(PipeWriter pipeWriter, T rootValue, Int32 flushThreshold, CancellationToken cancellationToken, Object rootValueBoxed)\n   at System.Text.Json.Serialization.Metadata.JsonTypeInfo`1.SerializeAsync(PipeWriter pipeWriter, T rootValue, Int32 flushThreshold, CancellationToken cancellationToken, Object rootValueBoxed)\n   at System.Text.Json.Serialization.Metadata.JsonTypeInfo`1.SerializeAsync(PipeWriter pipeWriter, T rootValue, Int32 flushThreshold, CancellationToken cancellationToken, Object rootValueBoxed)\n   at Microsoft.AspNetCore.Http.HttpResponseJsonExtensions.WriteAsJsonAsyncSlow[TValue](PipeWriter body, TValue value, JsonSerializerOptions options, CancellationToken cancellationToken)\n   at Microsoft.AspNetCore.Http.RequestDelegateFactory.ExecuteTaskResult[T](Task`1 task, HttpContext httpContext)\n   at Microsoft.AspNetCore.Routing.EndpointMiddleware.&lt;Invoke&gt;g__AwaitRequestTask|7_0(Endpoint endpoint, Task requestTask, ILogger logger)\n   at Soarscore.Api.Composition.&lt;&gt;c.&lt;&lt;Build&gt;b__0_1&gt;d.MoveNext() in /home/pete/Source/SoarScore2/src/Soarscore.Api/Composition.cs:line 155\n--- End of stack trace from previous location ---\n   at Microsoft.AspNetCore.Diagnostics.DeveloperExceptionPageMiddlewareImpl.Invoke(HttpContext context)","headers":{"Host":["localhost"]},"path":"/task-round-result","endpoint":"HTTP: GET /task-round-result","routeValues":null},"traceId":"00-dc9080e571ee5d34eaf07f580d39c4f9-24b055f309bd863c-00"} (10.1s)
[xUnit.net 00:00:53.86]         Then every raw flight score matches the fixture oracle exactly
[xUnit.net 00:00:53.86]         -&gt; skipped because of previous errors
[xUnit.net 00:00:53.86]         And every normalised round score matches the fixture oracle exactly
[xUnit.net 00:00:53.86]         -&gt; skipped because of previous errors
[xUnit.net 00:00:53.86]         And the final ranking matches the fixture oracle exactly
[xUnit.net 00:00:53.86]         -&gt; skipped because of previous errors
[xUnit.net 00:00:53.86]         And the derived team standings match the fixture's team semantics exactly
[xUnit.net 00:00:53.86]         -&gt; skipped because of previous errors
[xUnit.net 00:00:53.86]         And the GS team ladder is reproduced exactly
[xUnit.net 00:00:53.86]           --- table step argument ---
[xUnit.net 00:00:53.86]           | team | rank | teamScore | countedPilots |
[xUnit.net 00:00:53.86]           | 5    | 1    | 44471.7   | 62, 56, 21    |
[xUnit.net 00:00:53.86]           | 4    | 2    | 43413.6   | 47, 22, 11    |
[xUnit.net 00:00:53.86]           | 3    | 3    | 43229.1   | 26, 12, 28    |
[xUnit.net 00:00:53.86]           | 7    | 4    | 42670.6   | 49, 54, 46    |
[xUnit.net 00:00:53.86]           | 1    | 5    | 41194.4   | 30, 29, 42    |
[xUnit.net 00:00:53.86]           | 8    | 6    | 41127.6   | 13, 3, 2      |
[xUnit.net 00:00:53.86]           | 2    | 7    | 38068.6   | 32, 52, 44    |
[xUnit.net 00:00:53.86]           | 6    | 8    | 37094.3   | 43, 39, 7     |
[xUnit.net 00:00:53.86]         -&gt; skipped because of previous errors
[xUnit.net 00:00:53.86]         And kept normalised cells minus dropped cells and aggregate penalties conserve into every final score
[xUnit.net 00:00:53.86]         -&gt; skipped because of previous errors
[xUnit.net 00:00:53.86]         And every ledgered divergence cites an arithmetic-story divergence ID
[xUnit.net 00:00:53.86]         -&gt; skipped because of previous errors
[xUnit.net 00:00:53.86]         And the fixture ledger records exactly 2 accepted divergences
[xUnit.net 00:00:53.86]         -&gt; skipped because of previous errors
[xUnit.net 00:00:54.13]   Finished:    Soarscore.Acceptance.Tests (ID = 'd27402b74b7dcf8ce32849ae345b49de98671004b4ff50f9cdbf10643437c75f')
</StdOut>
    </Output>
    <RunInfos>
      <RunInfo computerName="pop-os" outcome="Error" timestamp="2026-09-06T18:44:15.8124179+12:00">
        <Text>[xUnit.net 00:00:08.46]     The f5j-hawkes-bay-trials fixture reproduces GliderScore exactly at all three grains with its make-up flights aggregated into their destination rounds [FAIL]</Text>
      </RunInfo>
      <RunInfo computerName="pop-os" outcome="Error" timestamp="2026-09-06T18:44:16.3938355+12:00">
        <Text>[xUnit.net 00:00:09.05]     The f3j-international-flyoff fixture reproduces GliderScore exactly at all three grains [FAIL]</Text>
      </RunInfo>
      <RunInfo computerName="pop-os" outcome="Error" timestamp="2026-09-06T18:44:18.8180728+12:00">
        <Text>[xUnit.net 00:00:11.47]     The f5k-ni-round-2 fixture reproduces GliderScore exactly at all three grains across its per-round task catalogue and launch-altitude ladder [FAIL]</Text>
      </RunInfo>
      <RunInfo computerName="pop-os" outcome="Error" timestamp="2026-09-06T18:44:23.8474965+12:00">
        <Text>[xUnit.net 00:00:16.50]     The f3k-southern-fling fixture reproduces GliderScore exactly at all three grains across its twelve-task catalogue modulo its ledgered retired-pilot slots [FAIL]</Text>
      </RunInfo>
      <RunInfo computerName="pop-os" outcome="Error" timestamp="2026-09-06T18:44:24.0228603+12:00">
        <Text>[xUnit.net 00:00:16.68]     Replaying the ales-sample-comp fixture twice within one run issues identical command counts and compares exact twice [FAIL]</Text>
      </RunInfo>
      <RunInfo computerName="pop-os" outcome="Error" timestamp="2026-09-06T18:44:39.0804213+12:00">
        <Text>[xUnit.net 00:00:31.73]     The jerilderie-2010 fixture reproduces GliderScore exactly at all three grains [FAIL]</Text>
      </RunInfo>
      <RunInfo computerName="pop-os" outcome="Error" timestamp="2026-09-06T18:44:39.3456977+12:00">
        <Text>[xUnit.net 00:00:31.99]     The ales-sample-comp fixture reproduces GliderScore exactly at all three grains [FAIL]</Text>
      </RunInfo>
      <RunInfo computerName="pop-os" outcome="Error" timestamp="2026-09-06T18:44:40.7991963+12:00">
        <Text>[xUnit.net 00:00:33.45]     The f3k-sample-comp fixture reproduces GliderScore exactly at all three grains across its per-round task schedule [FAIL]</Text>
      </RunInfo>
      <RunInfo computerName="pop-os" outcome="Error" timestamp="2026-09-06T18:44:44.5310866+12:00">
        <Text>[xUnit.net 00:00:37.18]     The f5j-christchurch-2019 fixture reproduces GliderScore exactly at all three grains with its float32 persist-cast witness [FAIL]</Text>
      </RunInfo>
      <RunInfo computerName="pop-os" outcome="Error" timestamp="2026-09-06T18:44:48.2641799+12:00">
        <Text>[xUnit.net 00:00:40.92]     The f3k-june-2020 fixture reproduces GliderScore exactly at all three grains modulo its ledgered cancelled re-draw cells [FAIL]</Text>
      </RunInfo>
      <RunInfo computerName="pop-os" outcome="Error" timestamp="2026-09-06T18:44:51.0633531+12:00">
        <Text>[xUnit.net 00:00:43.72]     The f5j-nz-south-island fixture reproduces GliderScore exactly at all three grains [FAIL]</Text>
      </RunInfo>
      <RunInfo computerName="pop-os" outcome="Error" timestamp="2026-09-06T18:45:01.2098257+12:00">
        <Text>[xUnit.net 00:00:53.86]     The f3j-international fixture reproduces GliderScore exactly at all three grains modulo its ledgered phantom-group cells [FAIL]</Text>
      </RunInfo>
    </RunInfos>
  </ResultSummary>
</TestRun>